
##################### SWEEP 1/3 on Avalanche #####################

--- estimateSwap 100 USDC -> USDT (sweep 1) ---
(node:4392) [DEP0205] DeprecationWarning: `module.register()` is deprecated. Use `module.registerHooks()` instead.
(Use `node --trace-deprecation ...` to show where the warning was created)
{
  tokenIn: [32m'USDC'[39m,
  tokenOut: [32m'USDT'[39m,
  amountIn: [32m'100'[39m,
  chain: [32m'Avalanche'[39m,
  fromAddress: [32m'0x7a6ED11f28a54DA25FDEcd8A9938e26586B14394'[39m,
  toAddress: [32m'0x7a6ED11f28a54DA25FDEcd8A9938e26586B14394'[39m,
  stopLimit: { amount: [32m'100.096684'[39m, token: [32m'USDT'[39m },
  estimatedOutput: { amount: [32m'100.096684'[39m, token: [32m'USDT'[39m },
  fees: [
    { token: [32m'USDC'[39m, amount: [32m'0.02'[39m, type: [32m'provider'[39m },
    { token: [32m'AVAX'[39m, amount: [32m'0.000026970288884053'[39m, type: [32m'gas'[39m }
  ]
}

--- estimateSwap 10000 USDC -> USDT (sweep 1) ---
{
  tokenIn: [32m'USDC'[39m,
  tokenOut: [32m'USDT'[39m,
  amountIn: [32m'10000'[39m,
  chain: [32m'Avalanche'[39m,
  fromAddress: [32m'0x7a6ED11f28a54DA25FDEcd8A9938e26586B14394'[39m,
  toAddress: [32m'0x7a6ED11f28a54DA25FDEcd8A9938e26586B14394'[39m,
  stopLimit: { amount: [32m'10009.579344'[39m, token: [32m'USDT'[39m },
  estimatedOutput: { amount: [32m'10009.579344'[39m, token: [32m'USDT'[39m },
  fees: [
    { token: [32m'USDC'[39m, amount: [32m'2.0'[39m, type: [32m'provider'[39m },
    { token: [32m'AVAX'[39m, amount: [32m'0.000036021125471492'[39m, type: [32m'gas'[39m }
  ]
}

--- estimateSwap 50000 USDC -> USDT (sweep 1) ---
{
  tokenIn: [32m'USDC'[39m,
  tokenOut: [32m'USDT'[39m,
  amountIn: [32m'50000'[39m,
  chain: [32m'Avalanche'[39m,
  fromAddress: [32m'0x7a6ED11f28a54DA25FDEcd8A9938e26586B14394'[39m,
  toAddress: [32m'0x7a6ED11f28a54DA25FDEcd8A9938e26586B14394'[39m,
  stopLimit: { amount: [32m'50046.932413'[39m, token: [32m'USDT'[39m },
  estimatedOutput: { amount: [32m'50046.932413'[39m, token: [32m'USDT'[39m },
  fees: [
    { token: [32m'USDC'[39m, amount: [32m'10.0'[39m, type: [32m'provider'[39m },
    { token: [32m'AVAX'[39m, amount: [32m'0.000039293664332239'[39m, type: [32m'gas'[39m }
  ]
}

--- estimateSwap 100000 USDC -> USDT (sweep 1) ---
{
  tokenIn: [32m'USDC'[39m,
  tokenOut: [32m'USDT'[39m,
  amountIn: [32m'100000'[39m,
  chain: [32m'Avalanche'[39m,
  fromAddress: [32m'0x7a6ED11f28a54DA25FDEcd8A9938e26586B14394'[39m,
  toAddress: [32m'0x7a6ED11f28a54DA25FDEcd8A9938e26586B14394'[39m,
  stopLimit: { amount: [32m'100093.268936'[39m, token: [32m'USDT'[39m },
  estimatedOutput: { amount: [32m'100093.268936'[39m, token: [32m'USDT'[39m },
  fees: [
    { token: [32m'USDC'[39m, amount: [32m'20.0'[39m, type: [32m'provider'[39m },
    { token: [32m'AVAX'[39m, amount: [32m'0.000035327830341705'[39m, type: [32m'gas'[39m }
  ]
}

--- estimateSwap 200000 USDC -> USDT (sweep 1) ---
{
  tokenIn: [32m'USDC'[39m,
  tokenOut: [32m'USDT'[39m,
  amountIn: [32m'200000'[39m,
  chain: [32m'Avalanche'[39m,
  fromAddress: [32m'0x7a6ED11f28a54DA25FDEcd8A9938e26586B14394'[39m,
  toAddress: [32m'0x7a6ED11f28a54DA25FDEcd8A9938e26586B14394'[39m,
  stopLimit: { amount: [32m'200184.58058'[39m, token: [32m'USDT'[39m },
  estimatedOutput: { amount: [32m'200184.58058'[39m, token: [32m'USDT'[39m },
  fees: [
    { token: [32m'USDC'[39m, amount: [32m'40.0'[39m, type: [32m'provider'[39m },
    { token: [32m'AVAX'[39m, amount: [32m'0.000041045407411157'[39m, type: [32m'gas'[39m }
  ]
}

--- estimateSwap 300000 USDC -> USDT (sweep 1) ---
{
  tokenIn: [32m'USDC'[39m,
  tokenOut: [32m'USDT'[39m,
  amountIn: [32m'300000'[39m,
  chain: [32m'Avalanche'[39m,
  fromAddress: [32m'0x7a6ED11f28a54DA25FDEcd8A9938e26586B14394'[39m,
  toAddress: [32m'0x7a6ED11f28a54DA25FDEcd8A9938e26586B14394'[39m,
  stopLimit: { amount: [32m'300274.269879'[39m, token: [32m'USDT'[39m },
  estimatedOutput: { amount: [32m'300274.269879'[39m, token: [32m'USDT'[39m },
  fees: [
    { token: [32m'USDC'[39m, amount: [32m'60.0'[39m, type: [32m'provider'[39m },
    { token: [32m'AVAX'[39m, amount: [32m'0.000043678015637416'[39m, type: [32m'gas'[39m }
  ]
}

--- estimateSwap 400000 USDC -> USDT (sweep 1) ---
{
  tokenIn: [32m'USDC'[39m,
  tokenOut: [32m'USDT'[39m,
  amountIn: [32m'400000'[39m,
  chain: [32m'Avalanche'[39m,
  fromAddress: [32m'0x7a6ED11f28a54DA25FDEcd8A9938e26586B14394'[39m,
  toAddress: [32m'0x7a6ED11f28a54DA25FDEcd8A9938e26586B14394'[39m,
  stopLimit: { amount: [32m'400364.554096'[39m, token: [32m'USDT'[39m },
  estimatedOutput: { amount: [32m'400364.554096'[39m, token: [32m'USDT'[39m },
  fees: [
    { token: [32m'USDC'[39m, amount: [32m'80.0'[39m, type: [32m'provider'[39m },
    { token: [32m'AVAX'[39m, amount: [32m'0.000044872965438594'[39m, type: [32m'gas'[39m }
  ]
}

--- estimateSwap 500000 USDC -> USDT (sweep 1) ---
{
  tokenIn: [32m'USDC'[39m,
  tokenOut: [32m'USDT'[39m,
  amountIn: [32m'500000'[39m,
  chain: [32m'Avalanche'[39m,
  fromAddress: [32m'0x7a6ED11f28a54DA25FDEcd8A9938e26586B14394'[39m,
  toAddress: [32m'0x7a6ED11f28a54DA25FDEcd8A9938e26586B14394'[39m,
  stopLimit: { amount: [32m'500454.521118'[39m, token: [32m'USDT'[39m },
  estimatedOutput: { amount: [32m'500454.521118'[39m, token: [32m'USDT'[39m },
  fees: [
    { token: [32m'USDC'[39m, amount: [32m'100.0'[39m, type: [32m'provider'[39m },
    { token: [32m'AVAX'[39m, amount: [32m'0.000046221814185072'[39m, type: [32m'gas'[39m }
  ]
}

--- estimateSwap 1000000 USDC -> USDT (sweep 1) ---
{
  tokenIn: [32m'USDC'[39m,
  tokenOut: [32m'USDT'[39m,
  amountIn: [32m'1000000'[39m,
  chain: [32m'Avalanche'[39m,
  fromAddress: [32m'0x7a6ED11f28a54DA25FDEcd8A9938e26586B14394'[39m,
  toAddress: [32m'0x7a6ED11f28a54DA25FDEcd8A9938e26586B14394'[39m,
  stopLimit: { amount: [32m'1000904.684716'[39m, token: [32m'USDT'[39m },
  estimatedOutput: { amount: [32m'1000904.684716'[39m, token: [32m'USDT'[39m },
  fees: [
    { token: [32m'USDC'[39m, amount: [32m'200.0'[39m, type: [32m'provider'[39m },
    { token: [32m'AVAX'[39m, amount: [32m'0.000042107478078143'[39m, type: [32m'gas'[39m }
  ]
}

##################### SWEEP 2/3 on Avalanche #####################

--- estimateSwap 100 USDC -> USDT (sweep 2) ---
{
  tokenIn: [32m'USDC'[39m,
  tokenOut: [32m'USDT'[39m,
  amountIn: [32m'100'[39m,
  chain: [32m'Avalanche'[39m,
  fromAddress: [32m'0x7a6ED11f28a54DA25FDEcd8A9938e26586B14394'[39m,
  toAddress: [32m'0x7a6ED11f28a54DA25FDEcd8A9938e26586B14394'[39m,
  stopLimit: { amount: [32m'100.110059'[39m, token: [32m'USDT'[39m },
  estimatedOutput: { amount: [32m'100.110059'[39m, token: [32m'USDT'[39m },
  fees: [
    { token: [32m'USDC'[39m, amount: [32m'0.02'[39m, type: [32m'provider'[39m },
    { token: [32m'AVAX'[39m, amount: [32m'0.000052957358878095'[39m, type: [32m'gas'[39m }
  ]
}

--- estimateSwap 10000 USDC -> USDT (sweep 2) ---
{
  tokenIn: [32m'USDC'[39m,
  tokenOut: [32m'USDT'[39m,
  amountIn: [32m'10000'[39m,
  chain: [32m'Avalanche'[39m,
  fromAddress: [32m'0x7a6ED11f28a54DA25FDEcd8A9938e26586B14394'[39m,
  toAddress: [32m'0x7a6ED11f28a54DA25FDEcd8A9938e26586B14394'[39m,
  stopLimit: { amount: [32m'10009.579344'[39m, token: [32m'USDT'[39m },
  estimatedOutput: { amount: [32m'10009.579344'[39m, token: [32m'USDT'[39m },
  fees: [
    { token: [32m'USDC'[39m, amount: [32m'2.0'[39m, type: [32m'provider'[39m },
    { token: [32m'AVAX'[39m, amount: [32m'0.000037237983520468'[39m, type: [32m'gas'[39m }
  ]
}

--- estimateSwap 50000 USDC -> USDT (sweep 2) ---
{
  tokenIn: [32m'USDC'[39m,
  tokenOut: [32m'USDT'[39m,
  amountIn: [32m'50000'[39m,
  chain: [32m'Avalanche'[39m,
  fromAddress: [32m'0x7a6ED11f28a54DA25FDEcd8A9938e26586B14394'[39m,
  toAddress: [32m'0x7a6ED11f28a54DA25FDEcd8A9938e26586B14394'[39m,
  stopLimit: { amount: [32m'50046.752573'[39m, token: [32m'USDT'[39m },
  estimatedOutput: { amount: [32m'50046.752573'[39m, token: [32m'USDT'[39m },
  fees: [
    { token: [32m'USDC'[39m, amount: [32m'10.0'[39m, type: [32m'provider'[39m },
    { token: [32m'AVAX'[39m, amount: [32m'0.000037877251179379'[39m, type: [32m'gas'[39m }
  ]
}

--- estimateSwap 100000 USDC -> USDT (sweep 2) ---
{
  tokenIn: [32m'USDC'[39m,
  tokenOut: [32m'USDT'[39m,
  amountIn: [32m'100000'[39m,
  chain: [32m'Avalanche'[39m,
  fromAddress: [32m'0x7a6ED11f28a54DA25FDEcd8A9938e26586B14394'[39m,
  toAddress: [32m'0x7a6ED11f28a54DA25FDEcd8A9938e26586B14394'[39m,
  stopLimit: { amount: [32m'100093.269831'[39m, token: [32m'USDT'[39m },
  estimatedOutput: { amount: [32m'100093.269831'[39m, token: [32m'USDT'[39m },
  fees: [
    { token: [32m'USDC'[39m, amount: [32m'20.0'[39m, type: [32m'provider'[39m },
    { token: [32m'AVAX'[39m, amount: [32m'0.000036642914355836'[39m, type: [32m'gas'[39m }
  ]
}

--- estimateSwap 200000 USDC -> USDT (sweep 2) ---
{
  tokenIn: [32m'USDC'[39m,
  tokenOut: [32m'USDT'[39m,
  amountIn: [32m'200000'[39m,
  chain: [32m'Avalanche'[39m,
  fromAddress: [32m'0x7a6ED11f28a54DA25FDEcd8A9938e26586B14394'[39m,
  toAddress: [32m'0x7a6ED11f28a54DA25FDEcd8A9938e26586B14394'[39m,
  stopLimit: { amount: [32m'200184.868453'[39m, token: [32m'USDT'[39m },
  estimatedOutput: { amount: [32m'200184.868453'[39m, token: [32m'USDT'[39m },
  fees: [
    { token: [32m'USDC'[39m, amount: [32m'40.0'[39m, type: [32m'provider'[39m },
    { token: [32m'AVAX'[39m, amount: [32m'0.00005004202546434'[39m, type: [32m'gas'[39m }
  ]
}

--- estimateSwap 300000 USDC -> USDT (sweep 2) ---
{
  tokenIn: [32m'USDC'[39m,
  tokenOut: [32m'USDT'[39m,
  amountIn: [32m'300000'[39m,
  chain: [32m'Avalanche'[39m,
  fromAddress: [32m'0x7a6ED11f28a54DA25FDEcd8A9938e26586B14394'[39m,
  toAddress: [32m'0x7a6ED11f28a54DA25FDEcd8A9938e26586B14394'[39m,
  stopLimit: { amount: [32m'300274.637215'[39m, token: [32m'USDT'[39m },
  estimatedOutput: { amount: [32m'300274.637215'[39m, token: [32m'USDT'[39m },
  fees: [
    { token: [32m'USDC'[39m, amount: [32m'60.0'[39m, type: [32m'provider'[39m },
    { token: [32m'AVAX'[39m, amount: [32m'0.00005698443092538'[39m, type: [32m'gas'[39m }
  ]
}

--- estimateSwap 400000 USDC -> USDT (sweep 2) ---
{
  tokenIn: [32m'USDC'[39m,
  tokenOut: [32m'USDT'[39m,
  amountIn: [32m'400000'[39m,
  chain: [32m'Avalanche'[39m,
  fromAddress: [32m'0x7a6ED11f28a54DA25FDEcd8A9938e26586B14394'[39m,
  toAddress: [32m'0x7a6ED11f28a54DA25FDEcd8A9938e26586B14394'[39m,
  stopLimit: { amount: [32m'400364.890055'[39m, token: [32m'USDT'[39m },
  estimatedOutput: { amount: [32m'400364.890055'[39m, token: [32m'USDT'[39m },
  fees: [
    { token: [32m'USDC'[39m, amount: [32m'80.0'[39m, type: [32m'provider'[39m },
    { token: [32m'AVAX'[39m, amount: [32m'0.000055333392927258'[39m, type: [32m'gas'[39m }
  ]
}

--- estimateSwap 500000 USDC -> USDT (sweep 2) ---
{
  tokenIn: [32m'USDC'[39m,
  tokenOut: [32m'USDT'[39m,
  amountIn: [32m'500000'[39m,
  chain: [32m'Avalanche'[39m,
  fromAddress: [32m'0x7a6ED11f28a54DA25FDEcd8A9938e26586B14394'[39m,
  toAddress: [32m'0x7a6ED11f28a54DA25FDEcd8A9938e26586B14394'[39m,
  stopLimit: { amount: [32m'500454.521118'[39m, token: [32m'USDT'[39m },
  estimatedOutput: { amount: [32m'500454.521118'[39m, token: [32m'USDT'[39m },
  fees: [
    { token: [32m'USDC'[39m, amount: [32m'100.0'[39m, type: [32m'provider'[39m },
    { token: [32m'AVAX'[39m, amount: [32m'0.00004620906042623'[39m, type: [32m'gas'[39m }
  ]
}

--- estimateSwap 1000000 USDC -> USDT (sweep 2) ---
{
  tokenIn: [32m'USDC'[39m,
  tokenOut: [32m'USDT'[39m,
  amountIn: [32m'1000000'[39m,
  chain: [32m'Avalanche'[39m,
  fromAddress: [32m'0x7a6ED11f28a54DA25FDEcd8A9938e26586B14394'[39m,
  toAddress: [32m'0x7a6ED11f28a54DA25FDEcd8A9938e26586B14394'[39m,
  stopLimit: { amount: [32m'1000904.694042'[39m, token: [32m'USDT'[39m },
  estimatedOutput: { amount: [32m'1000904.694042'[39m, token: [32m'USDT'[39m },
  fees: [
    { token: [32m'USDC'[39m, amount: [32m'200.0'[39m, type: [32m'provider'[39m },
    { token: [32m'AVAX'[39m, amount: [32m'0.000044000238114023'[39m, type: [32m'gas'[39m }
  ]
}

##################### SWEEP 3/3 on Avalanche #####################

--- estimateSwap 100 USDC -> USDT (sweep 3) ---
{
  tokenIn: [32m'USDC'[39m,
  tokenOut: [32m'USDT'[39m,
  amountIn: [32m'100'[39m,
  chain: [32m'Avalanche'[39m,
  fromAddress: [32m'0x7a6ED11f28a54DA25FDEcd8A9938e26586B14394'[39m,
  toAddress: [32m'0x7a6ED11f28a54DA25FDEcd8A9938e26586B14394'[39m,
  stopLimit: { amount: [32m'100.102722'[39m, token: [32m'USDT'[39m },
  estimatedOutput: { amount: [32m'100.102722'[39m, token: [32m'USDT'[39m },
  fees: [
    { token: [32m'USDC'[39m, amount: [32m'0.02'[39m, type: [32m'provider'[39m },
    { token: [32m'AVAX'[39m, amount: [32m'0.000052857922695606'[39m, type: [32m'gas'[39m }
  ]
}

--- estimateSwap 10000 USDC -> USDT (sweep 3) ---
{
  tokenIn: [32m'USDC'[39m,
  tokenOut: [32m'USDT'[39m,
  amountIn: [32m'10000'[39m,
  chain: [32m'Avalanche'[39m,
  fromAddress: [32m'0x7a6ED11f28a54DA25FDEcd8A9938e26586B14394'[39m,
  toAddress: [32m'0x7a6ED11f28a54DA25FDEcd8A9938e26586B14394'[39m,
  stopLimit: { amount: [32m'10009.591227'[39m, token: [32m'USDT'[39m },
  estimatedOutput: { amount: [32m'10009.591227'[39m, token: [32m'USDT'[39m },
  fees: [
    { token: [32m'USDC'[39m, amount: [32m'2.0'[39m, type: [32m'provider'[39m },
    { token: [32m'AVAX'[39m, amount: [32m'0.00003883198543284'[39m, type: [32m'gas'[39m }
  ]
}

--- estimateSwap 50000 USDC -> USDT (sweep 3) ---
{
  tokenIn: [32m'USDC'[39m,
  tokenOut: [32m'USDT'[39m,
  amountIn: [32m'50000'[39m,
  chain: [32m'Avalanche'[39m,
  fromAddress: [32m'0x7a6ED11f28a54DA25FDEcd8A9938e26586B14394'[39m,
  toAddress: [32m'0x7a6ED11f28a54DA25FDEcd8A9938e26586B14394'[39m,
  stopLimit: { amount: [32m'50046.959776'[39m, token: [32m'USDT'[39m },
  estimatedOutput: { amount: [32m'50046.959776'[39m, token: [32m'USDT'[39m },
  fees: [
    { token: [32m'USDC'[39m, amount: [32m'10.0'[39m, type: [32m'provider'[39m },
    { token: [32m'AVAX'[39m, amount: [32m'0.000043461274274233'[39m, type: [32m'gas'[39m }
  ]
}

--- estimateSwap 100000 USDC -> USDT (sweep 3) ---
{
  tokenIn: [32m'USDC'[39m,
  tokenOut: [32m'USDT'[39m,
  amountIn: [32m'100000'[39m,
  chain: [32m'Avalanche'[39m,
  fromAddress: [32m'0x7a6ED11f28a54DA25FDEcd8A9938e26586B14394'[39m,
  toAddress: [32m'0x7a6ED11f28a54DA25FDEcd8A9938e26586B14394'[39m,
  stopLimit: { amount: [32m'100093.467433'[39m, token: [32m'USDT'[39m },
  estimatedOutput: { amount: [32m'100093.467433'[39m, token: [32m'USDT'[39m },
  fees: [
    { token: [32m'USDC'[39m, amount: [32m'20.0'[39m, type: [32m'provider'[39m },
    { token: [32m'AVAX'[39m, amount: [32m'0.000043011514220024'[39m, type: [32m'gas'[39m }
  ]
}

--- estimateSwap 200000 USDC -> USDT (sweep 3) ---
{
  tokenIn: [32m'USDC'[39m,
  tokenOut: [32m'USDT'[39m,
  amountIn: [32m'200000'[39m,
  chain: [32m'Avalanche'[39m,
  fromAddress: [32m'0x7a6ED11f28a54DA25FDEcd8A9938e26586B14394'[39m,
  toAddress: [32m'0x7a6ED11f28a54DA25FDEcd8A9938e26586B14394'[39m,
  stopLimit: { amount: [32m'200184.88321'[39m, token: [32m'USDT'[39m },
  estimatedOutput: { amount: [32m'200184.88321'[39m, token: [32m'USDT'[39m },
  fees: [
    { token: [32m'USDC'[39m, amount: [32m'40.0'[39m, type: [32m'provider'[39m },
    { token: [32m'AVAX'[39m, amount: [32m'0.000054684679358058'[39m, type: [32m'gas'[39m }
  ]
}

--- estimateSwap 300000 USDC -> USDT (sweep 3) ---
{
  tokenIn: [32m'USDC'[39m,
  tokenOut: [32m'USDT'[39m,
  amountIn: [32m'300000'[39m,
  chain: [32m'Avalanche'[39m,
  fromAddress: [32m'0x7a6ED11f28a54DA25FDEcd8A9938e26586B14394'[39m,
  toAddress: [32m'0x7a6ED11f28a54DA25FDEcd8A9938e26586B14394'[39m,
  stopLimit: { amount: [32m'300274.570168'[39m, token: [32m'USDT'[39m },
  estimatedOutput: { amount: [32m'300274.570168'[39m, token: [32m'USDT'[39m },
  fees: [
    { token: [32m'USDC'[39m, amount: [32m'60.0'[39m, type: [32m'provider'[39m },
    { token: [32m'AVAX'[39m, amount: [32m'0.0000591609890781'[39m, type: [32m'gas'[39m }
  ]
}

--- estimateSwap 400000 USDC -> USDT (sweep 3) ---
{
  tokenIn: [32m'USDC'[39m,
  tokenOut: [32m'USDT'[39m,
  amountIn: [32m'400000'[39m,
  chain: [32m'Avalanche'[39m,
  fromAddress: [32m'0x7a6ED11f28a54DA25FDEcd8A9938e26586B14394'[39m,
  toAddress: [32m'0x7a6ED11f28a54DA25FDEcd8A9938e26586B14394'[39m,
  stopLimit: { amount: [32m'400364.559095'[39m, token: [32m'USDT'[39m },
  estimatedOutput: { amount: [32m'400364.559095'[39m, token: [32m'USDT'[39m },
  fees: [
    { token: [32m'USDC'[39m, amount: [32m'80.0'[39m, type: [32m'provider'[39m },
    { token: [32m'AVAX'[39m, amount: [32m'0.000048261732142925'[39m, type: [32m'gas'[39m }
  ]
}

--- estimateSwap 500000 USDC -> USDT (sweep 3) ---
{
  tokenIn: [32m'USDC'[39m,
  tokenOut: [32m'USDT'[39m,
  amountIn: [32m'500000'[39m,
  chain: [32m'Avalanche'[39m,
  fromAddress: [32m'0x7a6ED11f28a54DA25FDEcd8A9938e26586B14394'[39m,
  toAddress: [32m'0x7a6ED11f28a54DA25FDEcd8A9938e26586B14394'[39m,
  stopLimit: { amount: [32m'500454.530525'[39m, token: [32m'USDT'[39m },
  estimatedOutput: { amount: [32m'500454.530525'[39m, token: [32m'USDT'[39m },
  fees: [
    { token: [32m'USDC'[39m, amount: [32m'100.0'[39m, type: [32m'provider'[39m },
    { token: [32m'AVAX'[39m, amount: [32m'0.000047260923670333'[39m, type: [32m'gas'[39m }
  ]
}

--- estimateSwap 1000000 USDC -> USDT (sweep 3) ---
{
  tokenIn: [32m'USDC'[39m,
  tokenOut: [32m'USDT'[39m,
  amountIn: [32m'1000000'[39m,
  chain: [32m'Avalanche'[39m,
  fromAddress: [32m'0x7a6ED11f28a54DA25FDEcd8A9938e26586B14394'[39m,
  toAddress: [32m'0x7a6ED11f28a54DA25FDEcd8A9938e26586B14394'[39m,
  stopLimit: { amount: [32m'1000904.705897'[39m, token: [32m'USDT'[39m },
  estimatedOutput: { amount: [32m'1000904.705897'[39m, token: [32m'USDT'[39m },
  fees: [
    { token: [32m'USDC'[39m, amount: [32m'200.0'[39m, type: [32m'provider'[39m },
    { token: [32m'AVAX'[39m, amount: [32m'0.000041970234191384'[39m, type: [32m'gas'[39m }
  ]
}

========================= SPREAD ANALYSIS (per-sweep bips, averaged) =========================
Pair: USDC -> USDT on Avalanche
Sweeps: 3
Method: bips = ((sweep_$100_rate - sweep_N_rate) / sweep_$100_rate) * 10_000, computed per sweep using that sweep's own $100 quote as benchmark. Then averaged across sweeps.

  amountIn |    sweep 1 amountOut |    sweep 2 amountOut |    sweep 3 amountOut |   sweep 1 bips |   sweep 2 bips |   sweep 3 bips |   avg bips
----------------------------------------------------------------------------------------------------------------------------------------------------------------
       100 |           100.096684 |           100.110059 |           100.102722 |           0.00 |           0.00 |           0.00 |       0.00
     10000 |         10009.579344 |         10009.579344 |         10009.591227 |           0.09 |           1.42 |           0.68 |       0.73
     50000 |         50046.932413 |         50046.752573 |         50046.959776 |           0.28 |           1.65 |           0.88 |       0.94
    100000 |        100093.268936 |        100093.269831 |        100093.467433 |           0.34 |           1.68 |           0.92 |       0.98
    200000 |        200184.580580 |        200184.868453 |        200184.883210 |           0.44 |           1.76 |           1.03 |       1.08
    300000 |        300274.269879 |        300274.637215 |        300274.570168 |           0.53 |           1.85 |           1.12 |       1.16
    400000 |        400364.554096 |        400364.890055 |        400364.559095 |           0.55 |           1.88 |           1.16 |       1.20
    500000 |        500454.521118 |        500454.521118 |        500454.530525 |           0.58 |           1.91 |           1.18 |       1.22
   1000000 |       1000904.684716 |       1000904.694042 |       1000904.705897 |           0.62 |           1.96 |           1.22 |       1.27
==================================================================================================
