
##################### SWEEP 1/3 on Avalanche #####################

--- estimateSwap 100 USDT -> USDC (sweep 1) ---
(node:18379) [DEP0205] DeprecationWarning: `module.register()` is deprecated. Use `module.registerHooks()` instead.
(Use `node --trace-deprecation ...` to show where the warning was created)
{
  tokenIn: [32m'USDT'[39m,
  tokenOut: [32m'USDC'[39m,
  amountIn: [32m'100'[39m,
  chain: [32m'Avalanche'[39m,
  fromAddress: [32m'0x7a6ED11f28a54DA25FDEcd8A9938e26586B14394'[39m,
  toAddress: [32m'0x7a6ED11f28a54DA25FDEcd8A9938e26586B14394'[39m,
  stopLimit: { amount: [32m'99.886839'[39m, token: [32m'USDC'[39m },
  estimatedOutput: { amount: [32m'99.886839'[39m, token: [32m'USDC'[39m },
  fees: [
    { token: [32m'USDT'[39m, amount: [32m'0.02'[39m, type: [32m'provider'[39m },
    { token: [32m'AVAX'[39m, amount: [32m'0.000009214878241377'[39m, type: [32m'gas'[39m }
  ]
}

--- estimateSwap 10000 USDT -> USDC (sweep 1) ---
{
  tokenIn: [32m'USDT'[39m,
  tokenOut: [32m'USDC'[39m,
  amountIn: [32m'10000'[39m,
  chain: [32m'Avalanche'[39m,
  fromAddress: [32m'0x7a6ED11f28a54DA25FDEcd8A9938e26586B14394'[39m,
  toAddress: [32m'0x7a6ED11f28a54DA25FDEcd8A9938e26586B14394'[39m,
  stopLimit: { amount: [32m'9988.604843'[39m, token: [32m'USDC'[39m },
  estimatedOutput: { amount: [32m'9988.604843'[39m, token: [32m'USDC'[39m },
  fees: [
    { token: [32m'USDT'[39m, amount: [32m'2.0'[39m, type: [32m'provider'[39m },
    { token: [32m'AVAX'[39m, amount: [32m'0.000020142039192577'[39m, type: [32m'gas'[39m }
  ]
}

--- estimateSwap 50000 USDT -> USDC (sweep 1) ---
{
  tokenIn: [32m'USDT'[39m,
  tokenOut: [32m'USDC'[39m,
  amountIn: [32m'50000'[39m,
  chain: [32m'Avalanche'[39m,
  fromAddress: [32m'0x7a6ED11f28a54DA25FDEcd8A9938e26586B14394'[39m,
  toAddress: [32m'0x7a6ED11f28a54DA25FDEcd8A9938e26586B14394'[39m,
  stopLimit: { amount: [32m'49941.089118'[39m, token: [32m'USDC'[39m },
  estimatedOutput: { amount: [32m'49941.089118'[39m, token: [32m'USDC'[39m },
  fees: [
    { token: [32m'USDT'[39m, amount: [32m'10.0'[39m, type: [32m'provider'[39m },
    { token: [32m'AVAX'[39m, amount: [32m'0.000011096506401191'[39m, type: [32m'gas'[39m }
  ]
}

--- estimateSwap 100000 USDT -> USDC (sweep 1) ---
{
  tokenIn: [32m'USDT'[39m,
  tokenOut: [32m'USDC'[39m,
  amountIn: [32m'100000'[39m,
  chain: [32m'Avalanche'[39m,
  fromAddress: [32m'0x7a6ED11f28a54DA25FDEcd8A9938e26586B14394'[39m,
  toAddress: [32m'0x7a6ED11f28a54DA25FDEcd8A9938e26586B14394'[39m,
  stopLimit: { amount: [32m'99881.137203'[39m, token: [32m'USDC'[39m },
  estimatedOutput: { amount: [32m'99881.137203'[39m, token: [32m'USDC'[39m },
  fees: [
    { token: [32m'USDT'[39m, amount: [32m'20.0'[39m, type: [32m'provider'[39m },
    { token: [32m'AVAX'[39m, amount: [32m'0.000009824882303161'[39m, type: [32m'gas'[39m }
  ]
}

--- estimateSwap 200000 USDT -> USDC (sweep 1) ---
{
  tokenIn: [32m'USDT'[39m,
  tokenOut: [32m'USDC'[39m,
  amountIn: [32m'200000'[39m,
  chain: [32m'Avalanche'[39m,
  fromAddress: [32m'0x7a6ED11f28a54DA25FDEcd8A9938e26586B14394'[39m,
  toAddress: [32m'0x7a6ED11f28a54DA25FDEcd8A9938e26586B14394'[39m,
  stopLimit: { amount: [32m'199760.336956'[39m, token: [32m'USDC'[39m },
  estimatedOutput: { amount: [32m'199760.336956'[39m, token: [32m'USDC'[39m },
  fees: [
    { token: [32m'USDT'[39m, amount: [32m'40.0'[39m, type: [32m'provider'[39m },
    { token: [32m'AVAX'[39m, amount: [32m'0.000009875164713277'[39m, type: [32m'gas'[39m }
  ]
}

--- estimateSwap 300000 USDT -> USDC (sweep 1) ---
{
  tokenIn: [32m'USDT'[39m,
  tokenOut: [32m'USDC'[39m,
  amountIn: [32m'300000'[39m,
  chain: [32m'Avalanche'[39m,
  fromAddress: [32m'0x7a6ED11f28a54DA25FDEcd8A9938e26586B14394'[39m,
  toAddress: [32m'0x7a6ED11f28a54DA25FDEcd8A9938e26586B14394'[39m,
  stopLimit: { amount: [32m'299638.17408'[39m, token: [32m'USDC'[39m },
  estimatedOutput: { amount: [32m'299638.17408'[39m, token: [32m'USDC'[39m },
  fees: [
    { token: [32m'USDT'[39m, amount: [32m'60.0'[39m, type: [32m'provider'[39m },
    { token: [32m'AVAX'[39m, amount: [32m'0.000010023445080047'[39m, type: [32m'gas'[39m }
  ]
}

--- estimateSwap 400000 USDT -> USDC (sweep 1) ---
{
  tokenIn: [32m'USDT'[39m,
  tokenOut: [32m'USDC'[39m,
  amountIn: [32m'400000'[39m,
  chain: [32m'Avalanche'[39m,
  fromAddress: [32m'0x7a6ED11f28a54DA25FDEcd8A9938e26586B14394'[39m,
  toAddress: [32m'0x7a6ED11f28a54DA25FDEcd8A9938e26586B14394'[39m,
  stopLimit: { amount: [32m'399514.614724'[39m, token: [32m'USDC'[39m },
  estimatedOutput: { amount: [32m'399514.614724'[39m, token: [32m'USDC'[39m },
  fees: [
    { token: [32m'USDT'[39m, amount: [32m'80.0'[39m, type: [32m'provider'[39m },
    { token: [32m'AVAX'[39m, amount: [32m'0.000010517169995756'[39m, type: [32m'gas'[39m }
  ]
}

--- estimateSwap 500000 USDT -> USDC (sweep 1) ---
{
  tokenIn: [32m'USDT'[39m,
  tokenOut: [32m'USDC'[39m,
  amountIn: [32m'500000'[39m,
  chain: [32m'Avalanche'[39m,
  fromAddress: [32m'0x7a6ED11f28a54DA25FDEcd8A9938e26586B14394'[39m,
  toAddress: [32m'0x7a6ED11f28a54DA25FDEcd8A9938e26586B14394'[39m,
  stopLimit: { amount: [32m'499388.254543'[39m, token: [32m'USDC'[39m },
  estimatedOutput: { amount: [32m'499388.254543'[39m, token: [32m'USDC'[39m },
  fees: [
    { token: [32m'USDT'[39m, amount: [32m'100.0'[39m, type: [32m'provider'[39m },
    { token: [32m'AVAX'[39m, amount: [32m'0.000010572176753447'[39m, type: [32m'gas'[39m }
  ]
}

--- estimateSwap 1000000 USDT -> USDC (sweep 1) ---
{
  tokenIn: [32m'USDT'[39m,
  tokenOut: [32m'USDC'[39m,
  amountIn: [32m'1000000'[39m,
  chain: [32m'Avalanche'[39m,
  fromAddress: [32m'0x7a6ED11f28a54DA25FDEcd8A9938e26586B14394'[39m,
  toAddress: [32m'0x7a6ED11f28a54DA25FDEcd8A9938e26586B14394'[39m,
  stopLimit: { amount: [32m'998733.37422'[39m, token: [32m'USDC'[39m },
  estimatedOutput: { amount: [32m'998733.37422'[39m, token: [32m'USDC'[39m },
  fees: [
    { token: [32m'USDT'[39m, amount: [32m'200.0'[39m, type: [32m'provider'[39m },
    { token: [32m'AVAX'[39m, amount: [32m'0.000011842776856168'[39m, type: [32m'gas'[39m }
  ]
}

##################### SWEEP 2/3 on Avalanche #####################

--- estimateSwap 100 USDT -> USDC (sweep 2) ---
{
  tokenIn: [32m'USDT'[39m,
  tokenOut: [32m'USDC'[39m,
  amountIn: [32m'100'[39m,
  chain: [32m'Avalanche'[39m,
  fromAddress: [32m'0x7a6ED11f28a54DA25FDEcd8A9938e26586B14394'[39m,
  toAddress: [32m'0x7a6ED11f28a54DA25FDEcd8A9938e26586B14394'[39m,
  stopLimit: { amount: [32m'99.885123'[39m, token: [32m'USDC'[39m },
  estimatedOutput: { amount: [32m'99.885123'[39m, token: [32m'USDC'[39m },
  fees: [
    { token: [32m'USDT'[39m, amount: [32m'0.02'[39m, type: [32m'provider'[39m },
    { token: [32m'AVAX'[39m, amount: [32m'0.000009816622116044'[39m, type: [32m'gas'[39m }
  ]
}

--- estimateSwap 10000 USDT -> USDC (sweep 2) ---
{
  tokenIn: [32m'USDT'[39m,
  tokenOut: [32m'USDC'[39m,
  amountIn: [32m'10000'[39m,
  chain: [32m'Avalanche'[39m,
  fromAddress: [32m'0x7a6ED11f28a54DA25FDEcd8A9938e26586B14394'[39m,
  toAddress: [32m'0x7a6ED11f28a54DA25FDEcd8A9938e26586B14394'[39m,
  stopLimit: { amount: [32m'9988.569027'[39m, token: [32m'USDC'[39m },
  estimatedOutput: { amount: [32m'9988.569027'[39m, token: [32m'USDC'[39m },
  fees: [
    { token: [32m'USDT'[39m, amount: [32m'2.0'[39m, type: [32m'provider'[39m },
    { token: [32m'AVAX'[39m, amount: [32m'0.000010564667495728'[39m, type: [32m'gas'[39m }
  ]
}

--- estimateSwap 50000 USDT -> USDC (sweep 2) ---
{
  tokenIn: [32m'USDT'[39m,
  tokenOut: [32m'USDC'[39m,
  amountIn: [32m'50000'[39m,
  chain: [32m'Avalanche'[39m,
  fromAddress: [32m'0x7a6ED11f28a54DA25FDEcd8A9938e26586B14394'[39m,
  toAddress: [32m'0x7a6ED11f28a54DA25FDEcd8A9938e26586B14394'[39m,
  stopLimit: { amount: [32m'49941.043443'[39m, token: [32m'USDC'[39m },
  estimatedOutput: { amount: [32m'49941.043443'[39m, token: [32m'USDC'[39m },
  fees: [
    { token: [32m'USDT'[39m, amount: [32m'10.0'[39m, type: [32m'provider'[39m },
    { token: [32m'AVAX'[39m, amount: [32m'0.000009866832471675'[39m, type: [32m'gas'[39m }
  ]
}

--- estimateSwap 100000 USDT -> USDC (sweep 2) ---
{
  tokenIn: [32m'USDT'[39m,
  tokenOut: [32m'USDC'[39m,
  amountIn: [32m'100000'[39m,
  chain: [32m'Avalanche'[39m,
  fromAddress: [32m'0x7a6ED11f28a54DA25FDEcd8A9938e26586B14394'[39m,
  toAddress: [32m'0x7a6ED11f28a54DA25FDEcd8A9938e26586B14394'[39m,
  stopLimit: { amount: [32m'99881.150483'[39m, token: [32m'USDC'[39m },
  estimatedOutput: { amount: [32m'99881.150483'[39m, token: [32m'USDC'[39m },
  fees: [
    { token: [32m'USDT'[39m, amount: [32m'20.0'[39m, type: [32m'provider'[39m },
    { token: [32m'AVAX'[39m, amount: [32m'0.000009643071067213'[39m, type: [32m'gas'[39m }
  ]
}

--- estimateSwap 200000 USDT -> USDC (sweep 2) ---
{
  tokenIn: [32m'USDT'[39m,
  tokenOut: [32m'USDC'[39m,
  amountIn: [32m'200000'[39m,
  chain: [32m'Avalanche'[39m,
  fromAddress: [32m'0x7a6ED11f28a54DA25FDEcd8A9938e26586B14394'[39m,
  toAddress: [32m'0x7a6ED11f28a54DA25FDEcd8A9938e26586B14394'[39m,
  stopLimit: { amount: [32m'199760.162738'[39m, token: [32m'USDC'[39m },
  estimatedOutput: { amount: [32m'199760.162738'[39m, token: [32m'USDC'[39m },
  fees: [
    { token: [32m'USDT'[39m, amount: [32m'40.0'[39m, type: [32m'provider'[39m },
    { token: [32m'AVAX'[39m, amount: [32m'0.000012111133083373'[39m, type: [32m'gas'[39m }
  ]
}

--- estimateSwap 300000 USDT -> USDC (sweep 2) ---
{
  tokenIn: [32m'USDT'[39m,
  tokenOut: [32m'USDC'[39m,
  amountIn: [32m'300000'[39m,
  chain: [32m'Avalanche'[39m,
  fromAddress: [32m'0x7a6ED11f28a54DA25FDEcd8A9938e26586B14394'[39m,
  toAddress: [32m'0x7a6ED11f28a54DA25FDEcd8A9938e26586B14394'[39m,
  stopLimit: { amount: [32m'299638.118634'[39m, token: [32m'USDC'[39m },
  estimatedOutput: { amount: [32m'299638.118634'[39m, token: [32m'USDC'[39m },
  fees: [
    { token: [32m'USDT'[39m, amount: [32m'60.0'[39m, type: [32m'provider'[39m },
    { token: [32m'AVAX'[39m, amount: [32m'0.00001227817483474'[39m, type: [32m'gas'[39m }
  ]
}

--- estimateSwap 400000 USDT -> USDC (sweep 2) ---
{
  tokenIn: [32m'USDT'[39m,
  tokenOut: [32m'USDC'[39m,
  amountIn: [32m'400000'[39m,
  chain: [32m'Avalanche'[39m,
  fromAddress: [32m'0x7a6ED11f28a54DA25FDEcd8A9938e26586B14394'[39m,
  toAddress: [32m'0x7a6ED11f28a54DA25FDEcd8A9938e26586B14394'[39m,
  stopLimit: { amount: [32m'399513.597874'[39m, token: [32m'USDC'[39m },
  estimatedOutput: { amount: [32m'399513.597874'[39m, token: [32m'USDC'[39m },
  fees: [
    { token: [32m'USDT'[39m, amount: [32m'80.0'[39m, type: [32m'provider'[39m },
    { token: [32m'AVAX'[39m, amount: [32m'0.000011885487385291'[39m, type: [32m'gas'[39m }
  ]
}

--- estimateSwap 500000 USDT -> USDC (sweep 2) ---
{
  tokenIn: [32m'USDT'[39m,
  tokenOut: [32m'USDC'[39m,
  amountIn: [32m'500000'[39m,
  chain: [32m'Avalanche'[39m,
  fromAddress: [32m'0x7a6ED11f28a54DA25FDEcd8A9938e26586B14394'[39m,
  toAddress: [32m'0x7a6ED11f28a54DA25FDEcd8A9938e26586B14394'[39m,
  stopLimit: { amount: [32m'499389.644787'[39m, token: [32m'USDC'[39m },
  estimatedOutput: { amount: [32m'499389.644787'[39m, token: [32m'USDC'[39m },
  fees: [
    { token: [32m'USDT'[39m, amount: [32m'100.0'[39m, type: [32m'provider'[39m },
    { token: [32m'AVAX'[39m, amount: [32m'0.000009990295576327'[39m, type: [32m'gas'[39m }
  ]
}

--- estimateSwap 1000000 USDT -> USDC (sweep 2) ---
{
  tokenIn: [32m'USDT'[39m,
  tokenOut: [32m'USDC'[39m,
  amountIn: [32m'1000000'[39m,
  chain: [32m'Avalanche'[39m,
  fromAddress: [32m'0x7a6ED11f28a54DA25FDEcd8A9938e26586B14394'[39m,
  toAddress: [32m'0x7a6ED11f28a54DA25FDEcd8A9938e26586B14394'[39m,
  stopLimit: { amount: [32m'998733.387764'[39m, token: [32m'USDC'[39m },
  estimatedOutput: { amount: [32m'998733.387764'[39m, token: [32m'USDC'[39m },
  fees: [
    { token: [32m'USDT'[39m, amount: [32m'200.0'[39m, type: [32m'provider'[39m },
    { token: [32m'AVAX'[39m, amount: [32m'0.000011126068904528'[39m, type: [32m'gas'[39m }
  ]
}

##################### SWEEP 3/3 on Avalanche #####################

--- estimateSwap 100 USDT -> USDC (sweep 3) ---
{
  tokenIn: [32m'USDT'[39m,
  tokenOut: [32m'USDC'[39m,
  amountIn: [32m'100'[39m,
  chain: [32m'Avalanche'[39m,
  fromAddress: [32m'0x7a6ED11f28a54DA25FDEcd8A9938e26586B14394'[39m,
  toAddress: [32m'0x7a6ED11f28a54DA25FDEcd8A9938e26586B14394'[39m,
  stopLimit: { amount: [32m'99.886829'[39m, token: [32m'USDC'[39m },
  estimatedOutput: { amount: [32m'99.886829'[39m, token: [32m'USDC'[39m },
  fees: [
    { token: [32m'USDT'[39m, amount: [32m'0.02'[39m, type: [32m'provider'[39m },
    { token: [32m'AVAX'[39m, amount: [32m'0.000008397383483197'[39m, type: [32m'gas'[39m }
  ]
}

--- estimateSwap 10000 USDT -> USDC (sweep 3) ---
{
  tokenIn: [32m'USDT'[39m,
  tokenOut: [32m'USDC'[39m,
  amountIn: [32m'10000'[39m,
  chain: [32m'Avalanche'[39m,
  fromAddress: [32m'0x7a6ED11f28a54DA25FDEcd8A9938e26586B14394'[39m,
  toAddress: [32m'0x7a6ED11f28a54DA25FDEcd8A9938e26586B14394'[39m,
  stopLimit: { amount: [32m'9988.567318'[39m, token: [32m'USDC'[39m },
  estimatedOutput: { amount: [32m'9988.567318'[39m, token: [32m'USDC'[39m },
  fees: [
    { token: [32m'USDT'[39m, amount: [32m'2.0'[39m, type: [32m'provider'[39m },
    { token: [32m'AVAX'[39m, amount: [32m'0.000009811653196214'[39m, type: [32m'gas'[39m }
  ]
}

--- estimateSwap 50000 USDT -> USDC (sweep 3) ---
{
  tokenIn: [32m'USDT'[39m,
  tokenOut: [32m'USDC'[39m,
  amountIn: [32m'50000'[39m,
  chain: [32m'Avalanche'[39m,
  fromAddress: [32m'0x7a6ED11f28a54DA25FDEcd8A9938e26586B14394'[39m,
  toAddress: [32m'0x7a6ED11f28a54DA25FDEcd8A9938e26586B14394'[39m,
  stopLimit: { amount: [32m'49941.46422'[39m, token: [32m'USDC'[39m },
  estimatedOutput: { amount: [32m'49941.46422'[39m, token: [32m'USDC'[39m },
  fees: [
    { token: [32m'USDT'[39m, amount: [32m'10.0'[39m, type: [32m'provider'[39m },
    { token: [32m'AVAX'[39m, amount: [32m'0.000014489748183304'[39m, type: [32m'gas'[39m }
  ]
}

--- estimateSwap 100000 USDT -> USDC (sweep 3) ---
{
  tokenIn: [32m'USDT'[39m,
  tokenOut: [32m'USDC'[39m,
  amountIn: [32m'100000'[39m,
  chain: [32m'Avalanche'[39m,
  fromAddress: [32m'0x7a6ED11f28a54DA25FDEcd8A9938e26586B14394'[39m,
  toAddress: [32m'0x7a6ED11f28a54DA25FDEcd8A9938e26586B14394'[39m,
  stopLimit: { amount: [32m'99881.148814'[39m, token: [32m'USDC'[39m },
  estimatedOutput: { amount: [32m'99881.148814'[39m, token: [32m'USDC'[39m },
  fees: [
    { token: [32m'USDT'[39m, amount: [32m'20.0'[39m, type: [32m'provider'[39m },
    { token: [32m'AVAX'[39m, amount: [32m'0.000008890015806642'[39m, type: [32m'gas'[39m }
  ]
}

--- estimateSwap 200000 USDT -> USDC (sweep 3) ---
{
  tokenIn: [32m'USDT'[39m,
  tokenOut: [32m'USDC'[39m,
  amountIn: [32m'200000'[39m,
  chain: [32m'Avalanche'[39m,
  fromAddress: [32m'0x7a6ED11f28a54DA25FDEcd8A9938e26586B14394'[39m,
  toAddress: [32m'0x7a6ED11f28a54DA25FDEcd8A9938e26586B14394'[39m,
  stopLimit: { amount: [32m'199760.171968'[39m, token: [32m'USDC'[39m },
  estimatedOutput: { amount: [32m'199760.171968'[39m, token: [32m'USDC'[39m },
  fees: [
    { token: [32m'USDT'[39m, amount: [32m'40.0'[39m, type: [32m'provider'[39m },
    { token: [32m'AVAX'[39m, amount: [32m'0.000011041634790673'[39m, type: [32m'gas'[39m }
  ]
}

--- estimateSwap 300000 USDT -> USDC (sweep 3) ---
{
  tokenIn: [32m'USDT'[39m,
  tokenOut: [32m'USDC'[39m,
  amountIn: [32m'300000'[39m,
  chain: [32m'Avalanche'[39m,
  fromAddress: [32m'0x7a6ED11f28a54DA25FDEcd8A9938e26586B14394'[39m,
  toAddress: [32m'0x7a6ED11f28a54DA25FDEcd8A9938e26586B14394'[39m,
  stopLimit: { amount: [32m'299638.472199'[39m, token: [32m'USDC'[39m },
  estimatedOutput: { amount: [32m'299638.472199'[39m, token: [32m'USDC'[39m },
  fees: [
    { token: [32m'USDT'[39m, amount: [32m'60.0'[39m, type: [32m'provider'[39m },
    { token: [32m'AVAX'[39m, amount: [32m'0.000012790798568118'[39m, type: [32m'gas'[39m }
  ]
}

--- estimateSwap 400000 USDT -> USDC (sweep 3) ---
{
  tokenIn: [32m'USDT'[39m,
  tokenOut: [32m'USDC'[39m,
  amountIn: [32m'400000'[39m,
  chain: [32m'Avalanche'[39m,
  fromAddress: [32m'0x7a6ED11f28a54DA25FDEcd8A9938e26586B14394'[39m,
  toAddress: [32m'0x7a6ED11f28a54DA25FDEcd8A9938e26586B14394'[39m,
  stopLimit: { amount: [32m'399513.701795'[39m, token: [32m'USDC'[39m },
  estimatedOutput: { amount: [32m'399513.701795'[39m, token: [32m'USDC'[39m },
  fees: [
    { token: [32m'USDT'[39m, amount: [32m'80.0'[39m, type: [32m'provider'[39m },
    { token: [32m'AVAX'[39m, amount: [32m'0.00001115676817185'[39m, type: [32m'gas'[39m }
  ]
}

--- estimateSwap 500000 USDT -> USDC (sweep 3) ---
{
  tokenIn: [32m'USDT'[39m,
  tokenOut: [32m'USDC'[39m,
  amountIn: [32m'500000'[39m,
  chain: [32m'Avalanche'[39m,
  fromAddress: [32m'0x7a6ED11f28a54DA25FDEcd8A9938e26586B14394'[39m,
  toAddress: [32m'0x7a6ED11f28a54DA25FDEcd8A9938e26586B14394'[39m,
  stopLimit: { amount: [32m'499388.437538'[39m, token: [32m'USDC'[39m },
  estimatedOutput: { amount: [32m'499388.437538'[39m, token: [32m'USDC'[39m },
  fees: [
    { token: [32m'USDT'[39m, amount: [32m'100.0'[39m, type: [32m'provider'[39m },
    { token: [32m'AVAX'[39m, amount: [32m'0.000011060655865875'[39m, type: [32m'gas'[39m }
  ]
}

--- estimateSwap 1000000 USDT -> USDC (sweep 3) ---
{
  tokenIn: [32m'USDT'[39m,
  tokenOut: [32m'USDC'[39m,
  amountIn: [32m'1000000'[39m,
  chain: [32m'Avalanche'[39m,
  fromAddress: [32m'0x7a6ED11f28a54DA25FDEcd8A9938e26586B14394'[39m,
  toAddress: [32m'0x7a6ED11f28a54DA25FDEcd8A9938e26586B14394'[39m,
  stopLimit: { amount: [32m'998731.506602'[39m, token: [32m'USDC'[39m },
  estimatedOutput: { amount: [32m'998731.506602'[39m, token: [32m'USDC'[39m },
  fees: [
    { token: [32m'USDT'[39m, amount: [32m'200.0'[39m, type: [32m'provider'[39m },
    { token: [32m'AVAX'[39m, amount: [32m'0.00001348067276409'[39m, type: [32m'gas'[39m }
  ]
}

========================= SPREAD ANALYSIS (per-sweep bips, averaged) =========================
Pair: USDT -> USDC on Avalanche
Sweeps: 3
Method: bips = ((sweep_$100_rate - sweep_N_rate) / sweep_$100_rate) * 10_000, computed per sweep using that sweep's own $100 quote as benchmark. Then averaged across sweeps.

  amountIn |    sweep 1 amountOut |    sweep 2 amountOut |    sweep 3 amountOut |   sweep 1 bips |   sweep 2 bips |   sweep 3 bips |   avg bips
----------------------------------------------------------------------------------------------------------------------------------------------------------------
       100 |            99.886839 |            99.885123 |            99.886829 |           0.00 |           0.00 |           0.00 |       0.00
     10000 |          9988.604843 |          9988.569027 |          9988.567318 |           0.08 |          -0.06 |           0.12 |       0.05
     50000 |         49941.089118 |         49941.043443 |         49941.464220 |           0.47 |           0.30 |           0.39 |       0.39
    100000 |         99881.137203 |         99881.150483 |         99881.148814 |           0.57 |           0.40 |           0.57 |       0.51
    200000 |        199760.336956 |        199760.162738 |        199760.171968 |           0.67 |           0.50 |           0.68 |       0.62
    300000 |        299638.174080 |        299638.118634 |        299638.472199 |           0.75 |           0.58 |           0.73 |       0.69
    400000 |        399514.614724 |        399513.597874 |        399513.701795 |           0.82 |           0.67 |           0.84 |       0.78
    500000 |        499388.254543 |        499389.644787 |        499388.437538 |           0.92 |           0.72 |           0.92 |       0.85
   1000000 |        998733.374220 |        998733.387764 |        998731.506602 |           1.35 |           1.18 |           1.37 |       1.30
==================================================================================================
