
##################### SWEEP 1/3 on Avalanche #####################

--- estimateSwap 100 USDC -> USDT (sweep 1) ---
(node:89207) [DEP0205] DeprecationWarning: `module.register()` is deprecated. Use `module.registerHooks()` instead.
(Use `node --trace-deprecation ...` to show where the warning was created)
{
  tokenIn: [32m'USDC'[39m,
  tokenOut: [32m'USDT'[39m,
  amountIn: [32m'100'[39m,
  chain: [32m'Avalanche'[39m,
  fromAddress: [32m'0x7a6ED11f28a54DA25FDEcd8A9938e26586B14394'[39m,
  toAddress: [32m'0x7a6ED11f28a54DA25FDEcd8A9938e26586B14394'[39m,
  stopLimit: { amount: [32m'100.159964'[39m, token: [32m'USDT'[39m },
  estimatedOutput: { amount: [32m'100.159964'[39m, token: [32m'USDT'[39m },
  fees: [
    { token: [32m'USDC'[39m, amount: [32m'0.02'[39m, type: [32m'provider'[39m },
    { token: [32m'AVAX'[39m, amount: [32m'0.000034461102086097'[39m, type: [32m'gas'[39m }
  ]
}

--- estimateSwap 10000 USDC -> USDT (sweep 1) ---
{
  tokenIn: [32m'USDC'[39m,
  tokenOut: [32m'USDT'[39m,
  amountIn: [32m'10000'[39m,
  chain: [32m'Avalanche'[39m,
  fromAddress: [32m'0x7a6ED11f28a54DA25FDEcd8A9938e26586B14394'[39m,
  toAddress: [32m'0x7a6ED11f28a54DA25FDEcd8A9938e26586B14394'[39m,
  stopLimit: { amount: [32m'10007.984295'[39m, token: [32m'USDT'[39m },
  estimatedOutput: { amount: [32m'10007.984295'[39m, token: [32m'USDT'[39m },
  fees: [
    { token: [32m'USDC'[39m, amount: [32m'2.0'[39m, type: [32m'provider'[39m },
    { token: [32m'AVAX'[39m, amount: [32m'0.000034769293850928'[39m, type: [32m'gas'[39m }
  ]
}

--- estimateSwap 50000 USDC -> USDT (sweep 1) ---
{
  tokenIn: [32m'USDC'[39m,
  tokenOut: [32m'USDT'[39m,
  amountIn: [32m'50000'[39m,
  chain: [32m'Avalanche'[39m,
  fromAddress: [32m'0x7a6ED11f28a54DA25FDEcd8A9938e26586B14394'[39m,
  toAddress: [32m'0x7a6ED11f28a54DA25FDEcd8A9938e26586B14394'[39m,
  stopLimit: { amount: [32m'50038.176469'[39m, token: [32m'USDT'[39m },
  estimatedOutput: { amount: [32m'50038.176469'[39m, token: [32m'USDT'[39m },
  fees: [
    { token: [32m'USDC'[39m, amount: [32m'10.0'[39m, type: [32m'provider'[39m },
    { token: [32m'AVAX'[39m, amount: [32m'0.000030149683765966'[39m, type: [32m'gas'[39m }
  ]
}

--- estimateSwap 100000 USDC -> USDT (sweep 1) ---
{
  tokenIn: [32m'USDC'[39m,
  tokenOut: [32m'USDT'[39m,
  amountIn: [32m'100000'[39m,
  chain: [32m'Avalanche'[39m,
  fromAddress: [32m'0x7a6ED11f28a54DA25FDEcd8A9938e26586B14394'[39m,
  toAddress: [32m'0x7a6ED11f28a54DA25FDEcd8A9938e26586B14394'[39m,
  stopLimit: { amount: [32m'100075.248544'[39m, token: [32m'USDT'[39m },
  estimatedOutput: { amount: [32m'100075.248544'[39m, token: [32m'USDT'[39m },
  fees: [
    { token: [32m'USDC'[39m, amount: [32m'20.0'[39m, type: [32m'provider'[39m },
    { token: [32m'AVAX'[39m, amount: [32m'0.000037991689321624'[39m, type: [32m'gas'[39m }
  ]
}

--- estimateSwap 200000 USDC -> USDT (sweep 1) ---
{
  tokenIn: [32m'USDC'[39m,
  tokenOut: [32m'USDT'[39m,
  amountIn: [32m'200000'[39m,
  chain: [32m'Avalanche'[39m,
  fromAddress: [32m'0x7a6ED11f28a54DA25FDEcd8A9938e26586B14394'[39m,
  toAddress: [32m'0x7a6ED11f28a54DA25FDEcd8A9938e26586B14394'[39m,
  stopLimit: { amount: [32m'200147.857638'[39m, token: [32m'USDT'[39m },
  estimatedOutput: { amount: [32m'200147.857638'[39m, token: [32m'USDT'[39m },
  fees: [
    { token: [32m'USDC'[39m, amount: [32m'40.0'[39m, type: [32m'provider'[39m },
    { token: [32m'AVAX'[39m, amount: [32m'0.000045009257005947'[39m, type: [32m'gas'[39m }
  ]
}

--- estimateSwap 300000 USDC -> USDT (sweep 1) ---
{
  tokenIn: [32m'USDC'[39m,
  tokenOut: [32m'USDT'[39m,
  amountIn: [32m'300000'[39m,
  chain: [32m'Avalanche'[39m,
  fromAddress: [32m'0x7a6ED11f28a54DA25FDEcd8A9938e26586B14394'[39m,
  toAddress: [32m'0x7a6ED11f28a54DA25FDEcd8A9938e26586B14394'[39m,
  stopLimit: { amount: [32m'300218.126957'[39m, token: [32m'USDT'[39m },
  estimatedOutput: { amount: [32m'300218.126957'[39m, token: [32m'USDT'[39m },
  fees: [
    { token: [32m'USDC'[39m, amount: [32m'60.0'[39m, type: [32m'provider'[39m },
    { token: [32m'AVAX'[39m, amount: [32m'0.0000549762537345'[39m, type: [32m'gas'[39m }
  ]
}

--- estimateSwap 400000 USDC -> USDT (sweep 1) ---
{
  tokenIn: [32m'USDC'[39m,
  tokenOut: [32m'USDT'[39m,
  amountIn: [32m'400000'[39m,
  chain: [32m'Avalanche'[39m,
  fromAddress: [32m'0x7a6ED11f28a54DA25FDEcd8A9938e26586B14394'[39m,
  toAddress: [32m'0x7a6ED11f28a54DA25FDEcd8A9938e26586B14394'[39m,
  stopLimit: { amount: [32m'400288.071385'[39m, token: [32m'USDT'[39m },
  estimatedOutput: { amount: [32m'400288.071385'[39m, token: [32m'USDT'[39m },
  fees: [
    { token: [32m'USDC'[39m, amount: [32m'80.0'[39m, type: [32m'provider'[39m },
    { token: [32m'AVAX'[39m, amount: [32m'0.000050111850877462'[39m, type: [32m'gas'[39m }
  ]
}

--- estimateSwap 500000 USDC -> USDT (sweep 1) ---
{
  tokenIn: [32m'USDC'[39m,
  tokenOut: [32m'USDT'[39m,
  amountIn: [32m'500000'[39m,
  chain: [32m'Avalanche'[39m,
  fromAddress: [32m'0x7a6ED11f28a54DA25FDEcd8A9938e26586B14394'[39m,
  toAddress: [32m'0x7a6ED11f28a54DA25FDEcd8A9938e26586B14394'[39m,
  stopLimit: { amount: [32m'500357.983445'[39m, token: [32m'USDT'[39m },
  estimatedOutput: { amount: [32m'500357.983445'[39m, token: [32m'USDT'[39m },
  fees: [
    { token: [32m'USDC'[39m, amount: [32m'100.0'[39m, type: [32m'provider'[39m },
    { token: [32m'AVAX'[39m, amount: [32m'0.000050283200379641'[39m, type: [32m'gas'[39m }
  ]
}

--- estimateSwap 1000000 USDC -> USDT (sweep 1) ---
{
  tokenIn: [32m'USDC'[39m,
  tokenOut: [32m'USDT'[39m,
  amountIn: [32m'1000000'[39m,
  chain: [32m'Avalanche'[39m,
  fromAddress: [32m'0x7a6ED11f28a54DA25FDEcd8A9938e26586B14394'[39m,
  toAddress: [32m'0x7a6ED11f28a54DA25FDEcd8A9938e26586B14394'[39m,
  stopLimit: { amount: [32m'1000679.4695'[39m, token: [32m'USDT'[39m },
  estimatedOutput: { amount: [32m'1000679.4695'[39m, token: [32m'USDT'[39m },
  fees: [
    { token: [32m'USDC'[39m, amount: [32m'200.0'[39m, type: [32m'provider'[39m },
    { token: [32m'AVAX'[39m, amount: [32m'0.000048745513033801'[39m, type: [32m'gas'[39m }
  ]
}

##################### SWEEP 2/3 on Avalanche #####################

--- estimateSwap 100 USDC -> USDT (sweep 2) ---
{
  tokenIn: [32m'USDC'[39m,
  tokenOut: [32m'USDT'[39m,
  amountIn: [32m'100'[39m,
  chain: [32m'Avalanche'[39m,
  fromAddress: [32m'0x7a6ED11f28a54DA25FDEcd8A9938e26586B14394'[39m,
  toAddress: [32m'0x7a6ED11f28a54DA25FDEcd8A9938e26586B14394'[39m,
  stopLimit: { amount: [32m'100.08151'[39m, token: [32m'USDT'[39m },
  estimatedOutput: { amount: [32m'100.08151'[39m, token: [32m'USDT'[39m },
  fees: [
    { token: [32m'USDC'[39m, amount: [32m'0.02'[39m, type: [32m'provider'[39m },
    { token: [32m'AVAX'[39m, amount: [32m'0.000073576089316766'[39m, type: [32m'gas'[39m }
  ]
}

--- estimateSwap 10000 USDC -> USDT (sweep 2) ---
{
  tokenIn: [32m'USDC'[39m,
  tokenOut: [32m'USDT'[39m,
  amountIn: [32m'10000'[39m,
  chain: [32m'Avalanche'[39m,
  fromAddress: [32m'0x7a6ED11f28a54DA25FDEcd8A9938e26586B14394'[39m,
  toAddress: [32m'0x7a6ED11f28a54DA25FDEcd8A9938e26586B14394'[39m,
  stopLimit: { amount: [32m'10007.986929'[39m, token: [32m'USDT'[39m },
  estimatedOutput: { amount: [32m'10007.986929'[39m, token: [32m'USDT'[39m },
  fees: [
    { token: [32m'USDC'[39m, amount: [32m'2.0'[39m, type: [32m'provider'[39m },
    { token: [32m'AVAX'[39m, amount: [32m'0.00003505110452975'[39m, type: [32m'gas'[39m }
  ]
}

--- estimateSwap 50000 USDC -> USDT (sweep 2) ---
{
  tokenIn: [32m'USDC'[39m,
  tokenOut: [32m'USDT'[39m,
  amountIn: [32m'50000'[39m,
  chain: [32m'Avalanche'[39m,
  fromAddress: [32m'0x7a6ED11f28a54DA25FDEcd8A9938e26586B14394'[39m,
  toAddress: [32m'0x7a6ED11f28a54DA25FDEcd8A9938e26586B14394'[39m,
  stopLimit: { amount: [32m'50038.594248'[39m, token: [32m'USDT'[39m },
  estimatedOutput: { amount: [32m'50038.594248'[39m, token: [32m'USDT'[39m },
  fees: [
    { token: [32m'USDC'[39m, amount: [32m'10.0'[39m, type: [32m'provider'[39m },
    { token: [32m'AVAX'[39m, amount: [32m'0.00005257109483465'[39m, type: [32m'gas'[39m }
  ]
}

--- estimateSwap 100000 USDC -> USDT (sweep 2) ---
{
  tokenIn: [32m'USDC'[39m,
  tokenOut: [32m'USDT'[39m,
  amountIn: [32m'100000'[39m,
  chain: [32m'Avalanche'[39m,
  fromAddress: [32m'0x7a6ED11f28a54DA25FDEcd8A9938e26586B14394'[39m,
  toAddress: [32m'0x7a6ED11f28a54DA25FDEcd8A9938e26586B14394'[39m,
  stopLimit: { amount: [32m'100075.270932'[39m, token: [32m'USDT'[39m },
  estimatedOutput: { amount: [32m'100075.270932'[39m, token: [32m'USDT'[39m },
  fees: [
    { token: [32m'USDC'[39m, amount: [32m'20.0'[39m, type: [32m'provider'[39m },
    { token: [32m'AVAX'[39m, amount: [32m'0.000031686964028483'[39m, type: [32m'gas'[39m }
  ]
}

--- estimateSwap 200000 USDC -> USDT (sweep 2) ---
{
  tokenIn: [32m'USDC'[39m,
  tokenOut: [32m'USDT'[39m,
  amountIn: [32m'200000'[39m,
  chain: [32m'Avalanche'[39m,
  fromAddress: [32m'0x7a6ED11f28a54DA25FDEcd8A9938e26586B14394'[39m,
  toAddress: [32m'0x7a6ED11f28a54DA25FDEcd8A9938e26586B14394'[39m,
  stopLimit: { amount: [32m'200147.860107'[39m, token: [32m'USDT'[39m },
  estimatedOutput: { amount: [32m'200147.860107'[39m, token: [32m'USDT'[39m },
  fees: [
    { token: [32m'USDC'[39m, amount: [32m'40.0'[39m, type: [32m'provider'[39m },
    { token: [32m'AVAX'[39m, amount: [32m'0.000044011571052049'[39m, type: [32m'gas'[39m }
  ]
}

--- estimateSwap 300000 USDC -> USDT (sweep 2) ---
{
  tokenIn: [32m'USDC'[39m,
  tokenOut: [32m'USDT'[39m,
  amountIn: [32m'300000'[39m,
  chain: [32m'Avalanche'[39m,
  fromAddress: [32m'0x7a6ED11f28a54DA25FDEcd8A9938e26586B14394'[39m,
  toAddress: [32m'0x7a6ED11f28a54DA25FDEcd8A9938e26586B14394'[39m,
  stopLimit: { amount: [32m'300218.12992'[39m, token: [32m'USDT'[39m },
  estimatedOutput: { amount: [32m'300218.12992'[39m, token: [32m'USDT'[39m },
  fees: [
    { token: [32m'USDC'[39m, amount: [32m'60.0'[39m, type: [32m'provider'[39m },
    { token: [32m'AVAX'[39m, amount: [32m'0.0000537658176468'[39m, type: [32m'gas'[39m }
  ]
}

--- estimateSwap 400000 USDC -> USDT (sweep 2) ---
{
  tokenIn: [32m'USDC'[39m,
  tokenOut: [32m'USDT'[39m,
  amountIn: [32m'400000'[39m,
  chain: [32m'Avalanche'[39m,
  fromAddress: [32m'0x7a6ED11f28a54DA25FDEcd8A9938e26586B14394'[39m,
  toAddress: [32m'0x7a6ED11f28a54DA25FDEcd8A9938e26586B14394'[39m,
  stopLimit: { amount: [32m'400288.431149'[39m, token: [32m'USDT'[39m },
  estimatedOutput: { amount: [32m'400288.431149'[39m, token: [32m'USDT'[39m },
  fees: [
    { token: [32m'USDC'[39m, amount: [32m'80.0'[39m, type: [32m'provider'[39m },
    { token: [32m'AVAX'[39m, amount: [32m'0.000058814583736513'[39m, type: [32m'gas'[39m }
  ]
}

--- estimateSwap 500000 USDC -> USDT (sweep 2) ---
{
  tokenIn: [32m'USDC'[39m,
  tokenOut: [32m'USDT'[39m,
  amountIn: [32m'500000'[39m,
  chain: [32m'Avalanche'[39m,
  fromAddress: [32m'0x7a6ED11f28a54DA25FDEcd8A9938e26586B14394'[39m,
  toAddress: [32m'0x7a6ED11f28a54DA25FDEcd8A9938e26586B14394'[39m,
  stopLimit: { amount: [32m'500358.160597'[39m, token: [32m'USDT'[39m },
  estimatedOutput: { amount: [32m'500358.160597'[39m, token: [32m'USDT'[39m },
  fees: [
    { token: [32m'USDC'[39m, amount: [32m'100.0'[39m, type: [32m'provider'[39m },
    { token: [32m'AVAX'[39m, amount: [32m'0.000047646789647284'[39m, type: [32m'gas'[39m }
  ]
}

--- estimateSwap 1000000 USDC -> USDT (sweep 2) ---
{
  tokenIn: [32m'USDC'[39m,
  tokenOut: [32m'USDT'[39m,
  amountIn: [32m'1000000'[39m,
  chain: [32m'Avalanche'[39m,
  fromAddress: [32m'0x7a6ED11f28a54DA25FDEcd8A9938e26586B14394'[39m,
  toAddress: [32m'0x7a6ED11f28a54DA25FDEcd8A9938e26586B14394'[39m,
  stopLimit: { amount: [32m'1000681.954185'[39m, token: [32m'USDT'[39m },
  estimatedOutput: { amount: [32m'1000681.954185'[39m, token: [32m'USDT'[39m },
  fees: [
    { token: [32m'USDC'[39m, amount: [32m'200.0'[39m, type: [32m'provider'[39m },
    { token: [32m'AVAX'[39m, amount: [32m'0.000055438578691734'[39m, type: [32m'gas'[39m }
  ]
}

##################### SWEEP 3/3 on Avalanche #####################

--- estimateSwap 100 USDC -> USDT (sweep 3) ---
{
  tokenIn: [32m'USDC'[39m,
  tokenOut: [32m'USDT'[39m,
  amountIn: [32m'100'[39m,
  chain: [32m'Avalanche'[39m,
  fromAddress: [32m'0x7a6ED11f28a54DA25FDEcd8A9938e26586B14394'[39m,
  toAddress: [32m'0x7a6ED11f28a54DA25FDEcd8A9938e26586B14394'[39m,
  stopLimit: { amount: [32m'100.081504'[39m, token: [32m'USDT'[39m },
  estimatedOutput: { amount: [32m'100.081504'[39m, token: [32m'USDT'[39m },
  fees: [
    { token: [32m'USDC'[39m, amount: [32m'0.02'[39m, type: [32m'provider'[39m },
    { token: [32m'AVAX'[39m, amount: [32m'0.00008786894890494'[39m, type: [32m'gas'[39m }
  ]
}

--- estimateSwap 10000 USDC -> USDT (sweep 3) ---
{
  tokenIn: [32m'USDC'[39m,
  tokenOut: [32m'USDT'[39m,
  amountIn: [32m'10000'[39m,
  chain: [32m'Avalanche'[39m,
  fromAddress: [32m'0x7a6ED11f28a54DA25FDEcd8A9938e26586B14394'[39m,
  toAddress: [32m'0x7a6ED11f28a54DA25FDEcd8A9938e26586B14394'[39m,
  stopLimit: { amount: [32m'10007.986929'[39m, token: [32m'USDT'[39m },
  estimatedOutput: { amount: [32m'10007.986929'[39m, token: [32m'USDT'[39m },
  fees: [
    { token: [32m'USDC'[39m, amount: [32m'2.0'[39m, type: [32m'provider'[39m },
    { token: [32m'AVAX'[39m, amount: [32m'0.000038845621793596'[39m, type: [32m'gas'[39m }
  ]
}

--- estimateSwap 50000 USDC -> USDT (sweep 3) ---
{
  tokenIn: [32m'USDC'[39m,
  tokenOut: [32m'USDT'[39m,
  amountIn: [32m'50000'[39m,
  chain: [32m'Avalanche'[39m,
  fromAddress: [32m'0x7a6ED11f28a54DA25FDEcd8A9938e26586B14394'[39m,
  toAddress: [32m'0x7a6ED11f28a54DA25FDEcd8A9938e26586B14394'[39m,
  stopLimit: { amount: [32m'50038.188801'[39m, token: [32m'USDT'[39m },
  estimatedOutput: { amount: [32m'50038.188801'[39m, token: [32m'USDT'[39m },
  fees: [
    { token: [32m'USDC'[39m, amount: [32m'10.0'[39m, type: [32m'provider'[39m },
    { token: [32m'AVAX'[39m, amount: [32m'0.000038883907829844'[39m, type: [32m'gas'[39m }
  ]
}

--- estimateSwap 100000 USDC -> USDT (sweep 3) ---
{
  tokenIn: [32m'USDC'[39m,
  tokenOut: [32m'USDT'[39m,
  amountIn: [32m'100000'[39m,
  chain: [32m'Avalanche'[39m,
  fromAddress: [32m'0x7a6ED11f28a54DA25FDEcd8A9938e26586B14394'[39m,
  toAddress: [32m'0x7a6ED11f28a54DA25FDEcd8A9938e26586B14394'[39m,
  stopLimit: { amount: [32m'100075.756346'[39m, token: [32m'USDT'[39m },
  estimatedOutput: { amount: [32m'100075.756346'[39m, token: [32m'USDT'[39m },
  fees: [
    { token: [32m'USDC'[39m, amount: [32m'20.0'[39m, type: [32m'provider'[39m },
    { token: [32m'AVAX'[39m, amount: [32m'0.00005448398483388'[39m, type: [32m'gas'[39m }
  ]
}

--- estimateSwap 200000 USDC -> USDT (sweep 3) ---
{
  tokenIn: [32m'USDC'[39m,
  tokenOut: [32m'USDT'[39m,
  amountIn: [32m'200000'[39m,
  chain: [32m'Avalanche'[39m,
  fromAddress: [32m'0x7a6ED11f28a54DA25FDEcd8A9938e26586B14394'[39m,
  toAddress: [32m'0x7a6ED11f28a54DA25FDEcd8A9938e26586B14394'[39m,
  stopLimit: { amount: [32m'200147.854768'[39m, token: [32m'USDT'[39m },
  estimatedOutput: { amount: [32m'200147.854768'[39m, token: [32m'USDT'[39m },
  fees: [
    { token: [32m'USDC'[39m, amount: [32m'40.0'[39m, type: [32m'provider'[39m },
    { token: [32m'AVAX'[39m, amount: [32m'0.000042713156865244'[39m, type: [32m'gas'[39m }
  ]
}

--- estimateSwap 300000 USDC -> USDT (sweep 3) ---
{
  tokenIn: [32m'USDC'[39m,
  tokenOut: [32m'USDT'[39m,
  amountIn: [32m'300000'[39m,
  chain: [32m'Avalanche'[39m,
  fromAddress: [32m'0x7a6ED11f28a54DA25FDEcd8A9938e26586B14394'[39m,
  toAddress: [32m'0x7a6ED11f28a54DA25FDEcd8A9938e26586B14394'[39m,
  stopLimit: { amount: [32m'300218.342308'[39m, token: [32m'USDT'[39m },
  estimatedOutput: { amount: [32m'300218.342308'[39m, token: [32m'USDT'[39m },
  fees: [
    { token: [32m'USDC'[39m, amount: [32m'60.0'[39m, type: [32m'provider'[39m },
    { token: [32m'AVAX'[39m, amount: [32m'0.000054671754254103'[39m, type: [32m'gas'[39m }
  ]
}

--- estimateSwap 400000 USDC -> USDT (sweep 3) ---
{
  tokenIn: [32m'USDC'[39m,
  tokenOut: [32m'USDT'[39m,
  amountIn: [32m'400000'[39m,
  chain: [32m'Avalanche'[39m,
  fromAddress: [32m'0x7a6ED11f28a54DA25FDEcd8A9938e26586B14394'[39m,
  toAddress: [32m'0x7a6ED11f28a54DA25FDEcd8A9938e26586B14394'[39m,
  stopLimit: { amount: [32m'400288.131447'[39m, token: [32m'USDT'[39m },
  estimatedOutput: { amount: [32m'400288.131447'[39m, token: [32m'USDT'[39m },
  fees: [
    { token: [32m'USDC'[39m, amount: [32m'80.0'[39m, type: [32m'provider'[39m },
    { token: [32m'AVAX'[39m, amount: [32m'0.00005117268927729'[39m, type: [32m'gas'[39m }
  ]
}

--- estimateSwap 500000 USDC -> USDT (sweep 3) ---
{
  tokenIn: [32m'USDC'[39m,
  tokenOut: [32m'USDT'[39m,
  amountIn: [32m'500000'[39m,
  chain: [32m'Avalanche'[39m,
  fromAddress: [32m'0x7a6ED11f28a54DA25FDEcd8A9938e26586B14394'[39m,
  toAddress: [32m'0x7a6ED11f28a54DA25FDEcd8A9938e26586B14394'[39m,
  stopLimit: { amount: [32m'500358.48702'[39m, token: [32m'USDT'[39m },
  estimatedOutput: { amount: [32m'500358.48702'[39m, token: [32m'USDT'[39m },
  fees: [
    { token: [32m'USDC'[39m, amount: [32m'100.0'[39m, type: [32m'provider'[39m },
    { token: [32m'AVAX'[39m, amount: [32m'0.000056768522216658'[39m, type: [32m'gas'[39m }
  ]
}

--- estimateSwap 1000000 USDC -> USDT (sweep 3) ---
{
  tokenIn: [32m'USDC'[39m,
  tokenOut: [32m'USDT'[39m,
  amountIn: [32m'1000000'[39m,
  chain: [32m'Avalanche'[39m,
  fromAddress: [32m'0x7a6ED11f28a54DA25FDEcd8A9938e26586B14394'[39m,
  toAddress: [32m'0x7a6ED11f28a54DA25FDEcd8A9938e26586B14394'[39m,
  stopLimit: { amount: [32m'1000679.422077'[39m, token: [32m'USDT'[39m },
  estimatedOutput: { amount: [32m'1000679.422077'[39m, token: [32m'USDT'[39m },
  fees: [
    { token: [32m'USDC'[39m, amount: [32m'200.0'[39m, type: [32m'provider'[39m },
    { token: [32m'AVAX'[39m, amount: [32m'0.000048701967375993'[39m, type: [32m'gas'[39m }
  ]
}

========================= SPREAD ANALYSIS (per-sweep bips, averaged) =========================
Pair: USDC -> USDT on Avalanche
Sweeps: 3
Method: bips = ((sweep_$100_rate - sweep_N_rate) / sweep_$100_rate) * 10_000, computed per sweep using that sweep's own $100 quote as benchmark. Then averaged across sweeps.

  amountIn |    sweep 1 amountOut |    sweep 2 amountOut |    sweep 3 amountOut |   sweep 1 bips |   sweep 2 bips |   sweep 3 bips |   avg bips
----------------------------------------------------------------------------------------------------------------------------------------------------------------
       100 |           100.159964 |           100.081510 |           100.081504 |           0.00 |           0.00 |           0.00 |       0.00
     10000 |         10007.984295 |         10007.986929 |         10007.986929 |           8.00 |           0.16 |           0.16 |       2.78
     50000 |         50038.176469 |         50038.594248 |         50038.188801 |           8.35 |           0.43 |           0.51 |       3.10
    100000 |        100075.248544 |        100075.270932 |        100075.756346 |           8.46 |           0.62 |           0.57 |       3.22
    200000 |        200147.857638 |        200147.860107 |        200147.854768 |           8.59 |           0.76 |           0.76 |       3.37
    300000 |        300218.126957 |        300218.129920 |        300218.342308 |           8.71 |           0.88 |           0.87 |       3.49
    400000 |        400288.071385 |        400288.431149 |        400288.131447 |           8.78 |           0.94 |           0.95 |       3.56
    500000 |        500357.983445 |        500358.160597 |        500358.487020 |           8.82 |           0.99 |           0.98 |       3.60
   1000000 |       1000679.469500 |       1000681.954185 |       1000679.422077 |           9.19 |           1.33 |           1.36 |       3.96
==================================================================================================
