
##################### SWEEP 1/3 on Ethereum #####################

--- estimateSwap 100 USDC -> USDT (sweep 1) ---
(node:41005) [DEP0205] DeprecationWarning: `module.register()` is deprecated. Use `module.registerHooks()` instead.
(Use `node --trace-deprecation ...` to show where the warning was created)
{
  tokenIn: [32m'USDC'[39m,
  tokenOut: [32m'USDT'[39m,
  amountIn: [32m'100'[39m,
  chain: [32m'Ethereum'[39m,
  fromAddress: [32m'0x7a6ED11f28a54DA25FDEcd8A9938e26586B14394'[39m,
  toAddress: [32m'0x7a6ED11f28a54DA25FDEcd8A9938e26586B14394'[39m,
  stopLimit: { amount: [32m'100.077663'[39m, token: [32m'USDT'[39m },
  estimatedOutput: { amount: [32m'100.077663'[39m, token: [32m'USDT'[39m },
  fees: [
    { token: [32m'USDC'[39m, amount: [32m'0.02'[39m, type: [32m'provider'[39m },
    { token: [32m'ETH'[39m, amount: [32m'0.000229126661541237'[39m, type: [32m'gas'[39m }
  ]
}

--- estimateSwap 10000 USDC -> USDT (sweep 1) ---
{
  tokenIn: [32m'USDC'[39m,
  tokenOut: [32m'USDT'[39m,
  amountIn: [32m'10000'[39m,
  chain: [32m'Ethereum'[39m,
  fromAddress: [32m'0x7a6ED11f28a54DA25FDEcd8A9938e26586B14394'[39m,
  toAddress: [32m'0x7a6ED11f28a54DA25FDEcd8A9938e26586B14394'[39m,
  stopLimit: { amount: [32m'10007.757074'[39m, token: [32m'USDT'[39m },
  estimatedOutput: { amount: [32m'10007.757074'[39m, token: [32m'USDT'[39m },
  fees: [
    { token: [32m'USDC'[39m, amount: [32m'2.0'[39m, type: [32m'provider'[39m },
    { token: [32m'ETH'[39m, amount: [32m'0.000229126661541237'[39m, type: [32m'gas'[39m }
  ]
}

--- estimateSwap 50000 USDC -> USDT (sweep 1) ---
{
  tokenIn: [32m'USDC'[39m,
  tokenOut: [32m'USDT'[39m,
  amountIn: [32m'50000'[39m,
  chain: [32m'Ethereum'[39m,
  fromAddress: [32m'0x7a6ED11f28a54DA25FDEcd8A9938e26586B14394'[39m,
  toAddress: [32m'0x7a6ED11f28a54DA25FDEcd8A9938e26586B14394'[39m,
  stopLimit: { amount: [32m'50039.015111'[39m, token: [32m'USDT'[39m },
  estimatedOutput: { amount: [32m'50039.015111'[39m, token: [32m'USDT'[39m },
  fees: [
    { token: [32m'USDC'[39m, amount: [32m'10.0'[39m, type: [32m'provider'[39m },
    { token: [32m'ETH'[39m, amount: [32m'0.000372912689126076'[39m, type: [32m'gas'[39m }
  ]
}

--- estimateSwap 100000 USDC -> USDT (sweep 1) ---
{
  tokenIn: [32m'USDC'[39m,
  tokenOut: [32m'USDT'[39m,
  amountIn: [32m'100000'[39m,
  chain: [32m'Ethereum'[39m,
  fromAddress: [32m'0x7a6ED11f28a54DA25FDEcd8A9938e26586B14394'[39m,
  toAddress: [32m'0x7a6ED11f28a54DA25FDEcd8A9938e26586B14394'[39m,
  stopLimit: { amount: [32m'100078.01073'[39m, token: [32m'USDT'[39m },
  estimatedOutput: { amount: [32m'100078.01073'[39m, token: [32m'USDT'[39m },
  fees: [
    { token: [32m'USDC'[39m, amount: [32m'20.0'[39m, type: [32m'provider'[39m },
    { token: [32m'ETH'[39m, amount: [32m'0.000372912689126076'[39m, type: [32m'gas'[39m }
  ]
}

--- estimateSwap 200000 USDC -> USDT (sweep 1) ---
{
  tokenIn: [32m'USDC'[39m,
  tokenOut: [32m'USDT'[39m,
  amountIn: [32m'200000'[39m,
  chain: [32m'Ethereum'[39m,
  fromAddress: [32m'0x7a6ED11f28a54DA25FDEcd8A9938e26586B14394'[39m,
  toAddress: [32m'0x7a6ED11f28a54DA25FDEcd8A9938e26586B14394'[39m,
  stopLimit: { amount: [32m'200155.946728'[39m, token: [32m'USDT'[39m },
  estimatedOutput: { amount: [32m'200155.946728'[39m, token: [32m'USDT'[39m },
  fees: [
    { token: [32m'USDC'[39m, amount: [32m'40.0'[39m, type: [32m'provider'[39m },
    { token: [32m'ETH'[39m, amount: [32m'0.000372912689126076'[39m, type: [32m'gas'[39m }
  ]
}

--- estimateSwap 300000 USDC -> USDT (sweep 1) ---
{
  tokenIn: [32m'USDC'[39m,
  tokenOut: [32m'USDT'[39m,
  amountIn: [32m'300000'[39m,
  chain: [32m'Ethereum'[39m,
  fromAddress: [32m'0x7a6ED11f28a54DA25FDEcd8A9938e26586B14394'[39m,
  toAddress: [32m'0x7a6ED11f28a54DA25FDEcd8A9938e26586B14394'[39m,
  stopLimit: { amount: [32m'300231.899702'[39m, token: [32m'USDT'[39m },
  estimatedOutput: { amount: [32m'300231.899702'[39m, token: [32m'USDT'[39m },
  fees: [
    { token: [32m'USDC'[39m, amount: [32m'60.0'[39m, type: [32m'provider'[39m },
    { token: [32m'ETH'[39m, amount: [32m'0.000558434008557652'[39m, type: [32m'gas'[39m }
  ]
}

--- estimateSwap 400000 USDC -> USDT (sweep 1) ---
{
  tokenIn: [32m'USDC'[39m,
  tokenOut: [32m'USDT'[39m,
  amountIn: [32m'400000'[39m,
  chain: [32m'Ethereum'[39m,
  fromAddress: [32m'0x7a6ED11f28a54DA25FDEcd8A9938e26586B14394'[39m,
  toAddress: [32m'0x7a6ED11f28a54DA25FDEcd8A9938e26586B14394'[39m,
  stopLimit: { amount: [32m'400308.839431'[39m, token: [32m'USDT'[39m },
  estimatedOutput: { amount: [32m'400308.839431'[39m, token: [32m'USDT'[39m },
  fees: [
    { token: [32m'USDC'[39m, amount: [32m'80.0'[39m, type: [32m'provider'[39m },
    { token: [32m'ETH'[39m, amount: [32m'0.000689245218430471'[39m, type: [32m'gas'[39m }
  ]
}

--- estimateSwap 500000 USDC -> USDT (sweep 1) ---
{
  tokenIn: [32m'USDC'[39m,
  tokenOut: [32m'USDT'[39m,
  amountIn: [32m'500000'[39m,
  chain: [32m'Ethereum'[39m,
  fromAddress: [32m'0x7a6ED11f28a54DA25FDEcd8A9938e26586B14394'[39m,
  toAddress: [32m'0x7a6ED11f28a54DA25FDEcd8A9938e26586B14394'[39m,
  stopLimit: { amount: [32m'500385.597171'[39m, token: [32m'USDT'[39m },
  estimatedOutput: { amount: [32m'500385.597171'[39m, token: [32m'USDT'[39m },
  fees: [
    { token: [32m'USDC'[39m, amount: [32m'100.0'[39m, type: [32m'provider'[39m },
    { token: [32m'ETH'[39m, amount: [32m'0.000572085125935254'[39m, type: [32m'gas'[39m }
  ]
}

--- estimateSwap 1000000 USDC -> USDT (sweep 1) ---
{
  tokenIn: [32m'USDC'[39m,
  tokenOut: [32m'USDT'[39m,
  amountIn: [32m'1000000'[39m,
  chain: [32m'Ethereum'[39m,
  fromAddress: [32m'0x7a6ED11f28a54DA25FDEcd8A9938e26586B14394'[39m,
  toAddress: [32m'0x7a6ED11f28a54DA25FDEcd8A9938e26586B14394'[39m,
  stopLimit: { amount: [32m'1000765.719343'[39m, token: [32m'USDT'[39m },
  estimatedOutput: { amount: [32m'1000765.719343'[39m, token: [32m'USDT'[39m },
  fees: [
    { token: [32m'USDC'[39m, amount: [32m'200.0'[39m, type: [32m'provider'[39m },
    { token: [32m'ETH'[39m, amount: [32m'0.000633969819945346'[39m, type: [32m'gas'[39m }
  ]
}

##################### SWEEP 2/3 on Ethereum #####################

--- estimateSwap 100 USDC -> USDT (sweep 2) ---
{
  tokenIn: [32m'USDC'[39m,
  tokenOut: [32m'USDT'[39m,
  amountIn: [32m'100'[39m,
  chain: [32m'Ethereum'[39m,
  fromAddress: [32m'0x7a6ED11f28a54DA25FDEcd8A9938e26586B14394'[39m,
  toAddress: [32m'0x7a6ED11f28a54DA25FDEcd8A9938e26586B14394'[39m,
  stopLimit: { amount: [32m'100.077663'[39m, token: [32m'USDT'[39m },
  estimatedOutput: { amount: [32m'100.077663'[39m, token: [32m'USDT'[39m },
  fees: [
    { token: [32m'USDC'[39m, amount: [32m'0.02'[39m, type: [32m'provider'[39m },
    { token: [32m'ETH'[39m, amount: [32m'0.000214842768031407'[39m, type: [32m'gas'[39m }
  ]
}

--- estimateSwap 10000 USDC -> USDT (sweep 2) ---
{
  tokenIn: [32m'USDC'[39m,
  tokenOut: [32m'USDT'[39m,
  amountIn: [32m'10000'[39m,
  chain: [32m'Ethereum'[39m,
  fromAddress: [32m'0x7a6ED11f28a54DA25FDEcd8A9938e26586B14394'[39m,
  toAddress: [32m'0x7a6ED11f28a54DA25FDEcd8A9938e26586B14394'[39m,
  stopLimit: { amount: [32m'10007.757074'[39m, token: [32m'USDT'[39m },
  estimatedOutput: { amount: [32m'10007.757074'[39m, token: [32m'USDT'[39m },
  fees: [
    { token: [32m'USDC'[39m, amount: [32m'2.0'[39m, type: [32m'provider'[39m },
    { token: [32m'ETH'[39m, amount: [32m'0.000214842768031407'[39m, type: [32m'gas'[39m }
  ]
}

--- estimateSwap 50000 USDC -> USDT (sweep 2) ---
{
  tokenIn: [32m'USDC'[39m,
  tokenOut: [32m'USDT'[39m,
  amountIn: [32m'50000'[39m,
  chain: [32m'Ethereum'[39m,
  fromAddress: [32m'0x7a6ED11f28a54DA25FDEcd8A9938e26586B14394'[39m,
  toAddress: [32m'0x7a6ED11f28a54DA25FDEcd8A9938e26586B14394'[39m,
  stopLimit: { amount: [32m'50039.015111'[39m, token: [32m'USDT'[39m },
  estimatedOutput: { amount: [32m'50039.015111'[39m, token: [32m'USDT'[39m },
  fees: [
    { token: [32m'USDC'[39m, amount: [32m'10.0'[39m, type: [32m'provider'[39m },
    { token: [32m'ETH'[39m, amount: [32m'0.000360059542616434'[39m, type: [32m'gas'[39m }
  ]
}

--- estimateSwap 100000 USDC -> USDT (sweep 2) ---
{
  tokenIn: [32m'USDC'[39m,
  tokenOut: [32m'USDT'[39m,
  amountIn: [32m'100000'[39m,
  chain: [32m'Ethereum'[39m,
  fromAddress: [32m'0x7a6ED11f28a54DA25FDEcd8A9938e26586B14394'[39m,
  toAddress: [32m'0x7a6ED11f28a54DA25FDEcd8A9938e26586B14394'[39m,
  stopLimit: { amount: [32m'100078.01073'[39m, token: [32m'USDT'[39m },
  estimatedOutput: { amount: [32m'100078.01073'[39m, token: [32m'USDT'[39m },
  fees: [
    { token: [32m'USDC'[39m, amount: [32m'20.0'[39m, type: [32m'provider'[39m },
    { token: [32m'ETH'[39m, amount: [32m'0.000374248343620336'[39m, type: [32m'gas'[39m }
  ]
}

--- estimateSwap 200000 USDC -> USDT (sweep 2) ---
{
  tokenIn: [32m'USDC'[39m,
  tokenOut: [32m'USDT'[39m,
  amountIn: [32m'200000'[39m,
  chain: [32m'Ethereum'[39m,
  fromAddress: [32m'0x7a6ED11f28a54DA25FDEcd8A9938e26586B14394'[39m,
  toAddress: [32m'0x7a6ED11f28a54DA25FDEcd8A9938e26586B14394'[39m,
  stopLimit: { amount: [32m'200155.946728'[39m, token: [32m'USDT'[39m },
  estimatedOutput: { amount: [32m'200155.946728'[39m, token: [32m'USDT'[39m },
  fees: [
    { token: [32m'USDC'[39m, amount: [32m'40.0'[39m, type: [32m'provider'[39m },
    { token: [32m'ETH'[39m, amount: [32m'0.000374248343620336'[39m, type: [32m'gas'[39m }
  ]
}

--- estimateSwap 300000 USDC -> USDT (sweep 2) ---
{
  tokenIn: [32m'USDC'[39m,
  tokenOut: [32m'USDT'[39m,
  amountIn: [32m'300000'[39m,
  chain: [32m'Ethereum'[39m,
  fromAddress: [32m'0x7a6ED11f28a54DA25FDEcd8A9938e26586B14394'[39m,
  toAddress: [32m'0x7a6ED11f28a54DA25FDEcd8A9938e26586B14394'[39m,
  stopLimit: { amount: [32m'300231.908228'[39m, token: [32m'USDT'[39m },
  estimatedOutput: { amount: [32m'300231.908228'[39m, token: [32m'USDT'[39m },
  fees: [
    { token: [32m'USDC'[39m, amount: [32m'60.0'[39m, type: [32m'provider'[39m },
    { token: [32m'ETH'[39m, amount: [32m'0.000569139127526151'[39m, type: [32m'gas'[39m }
  ]
}

--- estimateSwap 400000 USDC -> USDT (sweep 2) ---
{
  tokenIn: [32m'USDC'[39m,
  tokenOut: [32m'USDT'[39m,
  amountIn: [32m'400000'[39m,
  chain: [32m'Ethereum'[39m,
  fromAddress: [32m'0x7a6ED11f28a54DA25FDEcd8A9938e26586B14394'[39m,
  toAddress: [32m'0x7a6ED11f28a54DA25FDEcd8A9938e26586B14394'[39m,
  stopLimit: { amount: [32m'400308.854163'[39m, token: [32m'USDT'[39m },
  estimatedOutput: { amount: [32m'400308.854163'[39m, token: [32m'USDT'[39m },
  fees: [
    { token: [32m'USDC'[39m, amount: [32m'80.0'[39m, type: [32m'provider'[39m },
    { token: [32m'ETH'[39m, amount: [32m'0.000702457974008922'[39m, type: [32m'gas'[39m }
  ]
}

--- estimateSwap 500000 USDC -> USDT (sweep 2) ---
{
  tokenIn: [32m'USDC'[39m,
  tokenOut: [32m'USDT'[39m,
  amountIn: [32m'500000'[39m,
  chain: [32m'Ethereum'[39m,
  fromAddress: [32m'0x7a6ED11f28a54DA25FDEcd8A9938e26586B14394'[39m,
  toAddress: [32m'0x7a6ED11f28a54DA25FDEcd8A9938e26586B14394'[39m,
  stopLimit: { amount: [32m'500386.78712'[39m, token: [32m'USDT'[39m },
  estimatedOutput: { amount: [32m'500386.78712'[39m, token: [32m'USDT'[39m },
  fees: [
    { token: [32m'USDC'[39m, amount: [32m'100.0'[39m, type: [32m'provider'[39m },
    { token: [32m'ETH'[39m, amount: [32m'0.000948871282197447'[39m, type: [32m'gas'[39m }
  ]
}

--- estimateSwap 1000000 USDC -> USDT (sweep 2) ---
{
  tokenIn: [32m'USDC'[39m,
  tokenOut: [32m'USDT'[39m,
  amountIn: [32m'1000000'[39m,
  chain: [32m'Ethereum'[39m,
  fromAddress: [32m'0x7a6ED11f28a54DA25FDEcd8A9938e26586B14394'[39m,
  toAddress: [32m'0x7a6ED11f28a54DA25FDEcd8A9938e26586B14394'[39m,
  stopLimit: { amount: [32m'1000765.719343'[39m, token: [32m'USDT'[39m },
  estimatedOutput: { amount: [32m'1000765.719343'[39m, token: [32m'USDT'[39m },
  fees: [
    { token: [32m'USDC'[39m, amount: [32m'200.0'[39m, type: [32m'provider'[39m },
    { token: [32m'ETH'[39m, amount: [32m'0.000637332732378688'[39m, type: [32m'gas'[39m }
  ]
}

##################### SWEEP 3/3 on Ethereum #####################

--- estimateSwap 100 USDC -> USDT (sweep 3) ---
{
  tokenIn: [32m'USDC'[39m,
  tokenOut: [32m'USDT'[39m,
  amountIn: [32m'100'[39m,
  chain: [32m'Ethereum'[39m,
  fromAddress: [32m'0x7a6ED11f28a54DA25FDEcd8A9938e26586B14394'[39m,
  toAddress: [32m'0x7a6ED11f28a54DA25FDEcd8A9938e26586B14394'[39m,
  stopLimit: { amount: [32m'100.077663'[39m, token: [32m'USDT'[39m },
  estimatedOutput: { amount: [32m'100.077663'[39m, token: [32m'USDT'[39m },
  fees: [
    { token: [32m'USDC'[39m, amount: [32m'0.02'[39m, type: [32m'provider'[39m },
    { token: [32m'ETH'[39m, amount: [32m'0.00026305029586836'[39m, type: [32m'gas'[39m }
  ]
}

--- estimateSwap 10000 USDC -> USDT (sweep 3) ---
{
  tokenIn: [32m'USDC'[39m,
  tokenOut: [32m'USDT'[39m,
  amountIn: [32m'10000'[39m,
  chain: [32m'Ethereum'[39m,
  fromAddress: [32m'0x7a6ED11f28a54DA25FDEcd8A9938e26586B14394'[39m,
  toAddress: [32m'0x7a6ED11f28a54DA25FDEcd8A9938e26586B14394'[39m,
  stopLimit: { amount: [32m'10007.757643'[39m, token: [32m'USDT'[39m },
  estimatedOutput: { amount: [32m'10007.757643'[39m, token: [32m'USDT'[39m },
  fees: [
    { token: [32m'USDC'[39m, amount: [32m'2.0'[39m, type: [32m'provider'[39m },
    { token: [32m'ETH'[39m, amount: [32m'0.000294965249171323'[39m, type: [32m'gas'[39m }
  ]
}

--- estimateSwap 50000 USDC -> USDT (sweep 3) ---
{
  tokenIn: [32m'USDC'[39m,
  tokenOut: [32m'USDT'[39m,
  amountIn: [32m'50000'[39m,
  chain: [32m'Ethereum'[39m,
  fromAddress: [32m'0x7a6ED11f28a54DA25FDEcd8A9938e26586B14394'[39m,
  toAddress: [32m'0x7a6ED11f28a54DA25FDEcd8A9938e26586B14394'[39m,
  stopLimit: { amount: [32m'50039.015111'[39m, token: [32m'USDT'[39m },
  estimatedOutput: { amount: [32m'50039.015111'[39m, token: [32m'USDT'[39m },
  fees: [
    { token: [32m'USDC'[39m, amount: [32m'10.0'[39m, type: [32m'provider'[39m },
    { token: [32m'ETH'[39m, amount: [32m'0.000374215553448387'[39m, type: [32m'gas'[39m }
  ]
}

--- estimateSwap 100000 USDC -> USDT (sweep 3) ---
{
  tokenIn: [32m'USDC'[39m,
  tokenOut: [32m'USDT'[39m,
  amountIn: [32m'100000'[39m,
  chain: [32m'Ethereum'[39m,
  fromAddress: [32m'0x7a6ED11f28a54DA25FDEcd8A9938e26586B14394'[39m,
  toAddress: [32m'0x7a6ED11f28a54DA25FDEcd8A9938e26586B14394'[39m,
  stopLimit: { amount: [32m'100078.01073'[39m, token: [32m'USDT'[39m },
  estimatedOutput: { amount: [32m'100078.01073'[39m, token: [32m'USDT'[39m },
  fees: [
    { token: [32m'USDC'[39m, amount: [32m'20.0'[39m, type: [32m'provider'[39m },
    { token: [32m'ETH'[39m, amount: [32m'0.000374215553448387'[39m, type: [32m'gas'[39m }
  ]
}

--- estimateSwap 200000 USDC -> USDT (sweep 3) ---
{
  tokenIn: [32m'USDC'[39m,
  tokenOut: [32m'USDT'[39m,
  amountIn: [32m'200000'[39m,
  chain: [32m'Ethereum'[39m,
  fromAddress: [32m'0x7a6ED11f28a54DA25FDEcd8A9938e26586B14394'[39m,
  toAddress: [32m'0x7a6ED11f28a54DA25FDEcd8A9938e26586B14394'[39m,
  stopLimit: { amount: [32m'200155.947235'[39m, token: [32m'USDT'[39m },
  estimatedOutput: { amount: [32m'200155.947235'[39m, token: [32m'USDT'[39m },
  fees: [
    { token: [32m'USDC'[39m, amount: [32m'40.0'[39m, type: [32m'provider'[39m },
    { token: [32m'ETH'[39m, amount: [32m'0.000374215553448387'[39m, type: [32m'gas'[39m }
  ]
}

--- estimateSwap 300000 USDC -> USDT (sweep 3) ---
{
  tokenIn: [32m'USDC'[39m,
  tokenOut: [32m'USDT'[39m,
  amountIn: [32m'300000'[39m,
  chain: [32m'Ethereum'[39m,
  fromAddress: [32m'0x7a6ED11f28a54DA25FDEcd8A9938e26586B14394'[39m,
  toAddress: [32m'0x7a6ED11f28a54DA25FDEcd8A9938e26586B14394'[39m,
  stopLimit: { amount: [32m'300232.704555'[39m, token: [32m'USDT'[39m },
  estimatedOutput: { amount: [32m'300232.704555'[39m, token: [32m'USDT'[39m },
  fees: [
    { token: [32m'USDC'[39m, amount: [32m'60.0'[39m, type: [32m'provider'[39m },
    { token: [32m'ETH'[39m, amount: [32m'0.001041096594256588'[39m, type: [32m'gas'[39m }
  ]
}

--- estimateSwap 400000 USDC -> USDT (sweep 3) ---
{
  tokenIn: [32m'USDC'[39m,
  tokenOut: [32m'USDT'[39m,
  amountIn: [32m'400000'[39m,
  chain: [32m'Ethereum'[39m,
  fromAddress: [32m'0x7a6ED11f28a54DA25FDEcd8A9938e26586B14394'[39m,
  toAddress: [32m'0x7a6ED11f28a54DA25FDEcd8A9938e26586B14394'[39m,
  stopLimit: { amount: [32m'400308.854163'[39m, token: [32m'USDT'[39m },
  estimatedOutput: { amount: [32m'400308.854163'[39m, token: [32m'USDT'[39m },
  fees: [
    { token: [32m'USDC'[39m, amount: [32m'80.0'[39m, type: [32m'provider'[39m },
    { token: [32m'ETH'[39m, amount: [32m'0.00069614333303639'[39m, type: [32m'gas'[39m }
  ]
}

--- estimateSwap 500000 USDC -> USDT (sweep 3) ---
{
  tokenIn: [32m'USDC'[39m,
  tokenOut: [32m'USDT'[39m,
  amountIn: [32m'500000'[39m,
  chain: [32m'Ethereum'[39m,
  fromAddress: [32m'0x7a6ED11f28a54DA25FDEcd8A9938e26586B14394'[39m,
  toAddress: [32m'0x7a6ED11f28a54DA25FDEcd8A9938e26586B14394'[39m,
  stopLimit: { amount: [32m'500385.588971'[39m, token: [32m'USDT'[39m },
  estimatedOutput: { amount: [32m'500385.588971'[39m, token: [32m'USDT'[39m },
  fees: [
    { token: [32m'USDC'[39m, amount: [32m'100.0'[39m, type: [32m'provider'[39m },
    { token: [32m'ETH'[39m, amount: [32m'0.000633639283679001'[39m, type: [32m'gas'[39m }
  ]
}

--- estimateSwap 1000000 USDC -> USDT (sweep 3) ---
{
  tokenIn: [32m'USDC'[39m,
  tokenOut: [32m'USDT'[39m,
  amountIn: [32m'1000000'[39m,
  chain: [32m'Ethereum'[39m,
  fromAddress: [32m'0x7a6ED11f28a54DA25FDEcd8A9938e26586B14394'[39m,
  toAddress: [32m'0x7a6ED11f28a54DA25FDEcd8A9938e26586B14394'[39m,
  stopLimit: { amount: [32m'1000765.837337'[39m, token: [32m'USDT'[39m },
  estimatedOutput: { amount: [32m'1000765.837337'[39m, token: [32m'USDT'[39m },
  fees: [
    { token: [32m'USDC'[39m, amount: [32m'200.0'[39m, type: [32m'provider'[39m },
    { token: [32m'ETH'[39m, amount: [32m'0.00064031472645719'[39m, type: [32m'gas'[39m }
  ]
}

========================= SPREAD ANALYSIS (per-sweep bips, averaged) =========================
Pair: USDC -> USDT on Ethereum
Sweeps: 3
Method: bips = ((sweep_$100_rate - sweep_N_rate) / sweep_$100_rate) * 10_000, computed per sweep using that sweep's own $100 quote as benchmark. Then averaged across sweeps.

  amountIn |    sweep 1 amountOut |    sweep 2 amountOut |    sweep 3 amountOut |   sweep 1 bips |   sweep 2 bips |   sweep 3 bips |   avg bips
----------------------------------------------------------------------------------------------------------------------------------------------------------------
       100 |           100.077663 |           100.077663 |           100.077663 |           0.00 |           0.00 |           0.00 |       0.00
     10000 |         10007.757074 |         10007.757074 |         10007.757643 |           0.01 |           0.01 |           0.01 |       0.01
     50000 |         50039.015111 |         50039.015111 |         50039.015111 |          -0.04 |          -0.04 |          -0.04 |      -0.04
    100000 |        100078.010730 |        100078.010730 |        100078.010730 |          -0.03 |          -0.03 |          -0.03 |      -0.03
    200000 |        200155.946728 |        200155.946728 |        200155.947235 |          -0.03 |          -0.03 |          -0.03 |      -0.03
    300000 |        300231.899702 |        300231.908228 |        300232.704555 |           0.04 |           0.04 |           0.01 |       0.03
    400000 |        400308.839431 |        400308.854163 |        400308.854163 |           0.05 |           0.04 |           0.04 |       0.05
    500000 |        500385.597171 |        500386.787120 |        500385.588971 |           0.05 |           0.03 |           0.05 |       0.05
   1000000 |       1000765.719343 |       1000765.719343 |       1000765.837337 |           0.11 |           0.11 |           0.11 |       0.11
==================================================================================================
