
##################### SWEEP 1/3 on Ethereum #####################

--- estimateSwap 100 USDT -> USDC (sweep 1) ---
(node:18322) [DEP0205] DeprecationWarning: `module.register()` is deprecated. Use `module.registerHooks()` instead.
(Use `node --trace-deprecation ...` to show where the warning was created)
{
  tokenIn: [32m'USDT'[39m,
  tokenOut: [32m'USDC'[39m,
  amountIn: [32m'100'[39m,
  chain: [32m'Ethereum'[39m,
  fromAddress: [32m'0x7a6ED11f28a54DA25FDEcd8A9938e26586B14394'[39m,
  toAddress: [32m'0x7a6ED11f28a54DA25FDEcd8A9938e26586B14394'[39m,
  stopLimit: { amount: [32m'100.18601'[39m, token: [32m'USDC'[39m },
  estimatedOutput: { amount: [32m'100.18601'[39m, token: [32m'USDC'[39m },
  fees: [
    { token: [32m'USDT'[39m, amount: [32m'0.02'[39m, type: [32m'provider'[39m },
    { token: [32m'ETH'[39m, amount: [32m'0.00021025149394011'[39m, type: [32m'gas'[39m }
  ]
}

--- estimateSwap 10000 USDT -> USDC (sweep 1) ---
{
  tokenIn: [32m'USDT'[39m,
  tokenOut: [32m'USDC'[39m,
  amountIn: [32m'10000'[39m,
  chain: [32m'Ethereum'[39m,
  fromAddress: [32m'0x7a6ED11f28a54DA25FDEcd8A9938e26586B14394'[39m,
  toAddress: [32m'0x7a6ED11f28a54DA25FDEcd8A9938e26586B14394'[39m,
  stopLimit: { amount: [32m'9989.940983'[39m, token: [32m'USDC'[39m },
  estimatedOutput: { amount: [32m'9989.940983'[39m, token: [32m'USDC'[39m },
  fees: [
    { token: [32m'USDT'[39m, amount: [32m'2.0'[39m, type: [32m'provider'[39m },
    { token: [32m'ETH'[39m, amount: [32m'0.000430447067169255'[39m, type: [32m'gas'[39m }
  ]
}

--- estimateSwap 50000 USDT -> USDC (sweep 1) ---
{
  tokenIn: [32m'USDT'[39m,
  tokenOut: [32m'USDC'[39m,
  amountIn: [32m'50000'[39m,
  chain: [32m'Ethereum'[39m,
  fromAddress: [32m'0x7a6ED11f28a54DA25FDEcd8A9938e26586B14394'[39m,
  toAddress: [32m'0x7a6ED11f28a54DA25FDEcd8A9938e26586B14394'[39m,
  stopLimit: { amount: [32m'49940.635573'[39m, token: [32m'USDC'[39m },
  estimatedOutput: { amount: [32m'49940.635573'[39m, token: [32m'USDC'[39m },
  fees: [
    { token: [32m'USDT'[39m, amount: [32m'10.0'[39m, type: [32m'provider'[39m },
    { token: [32m'ETH'[39m, amount: [32m'0.00023483388969747'[39m, type: [32m'gas'[39m }
  ]
}

--- estimateSwap 100000 USDT -> USDC (sweep 1) ---
{
  tokenIn: [32m'USDT'[39m,
  tokenOut: [32m'USDC'[39m,
  amountIn: [32m'100000'[39m,
  chain: [32m'Ethereum'[39m,
  fromAddress: [32m'0x7a6ED11f28a54DA25FDEcd8A9938e26586B14394'[39m,
  toAddress: [32m'0x7a6ED11f28a54DA25FDEcd8A9938e26586B14394'[39m,
  stopLimit: { amount: [32m'99881.240307'[39m, token: [32m'USDC'[39m },
  estimatedOutput: { amount: [32m'99881.240307'[39m, token: [32m'USDC'[39m },
  fees: [
    { token: [32m'USDT'[39m, amount: [32m'20.0'[39m, type: [32m'provider'[39m },
    { token: [32m'ETH'[39m, amount: [32m'0.00023483388969747'[39m, type: [32m'gas'[39m }
  ]
}

--- estimateSwap 200000 USDT -> USDC (sweep 1) ---
{
  tokenIn: [32m'USDT'[39m,
  tokenOut: [32m'USDC'[39m,
  amountIn: [32m'200000'[39m,
  chain: [32m'Ethereum'[39m,
  fromAddress: [32m'0x7a6ED11f28a54DA25FDEcd8A9938e26586B14394'[39m,
  toAddress: [32m'0x7a6ED11f28a54DA25FDEcd8A9938e26586B14394'[39m,
  stopLimit: { amount: [32m'199764.402193'[39m, token: [32m'USDC'[39m },
  estimatedOutput: { amount: [32m'199764.402193'[39m, token: [32m'USDC'[39m },
  fees: [
    { token: [32m'USDT'[39m, amount: [32m'40.0'[39m, type: [32m'provider'[39m },
    { token: [32m'ETH'[39m, amount: [32m'0.000868370462067369'[39m, type: [32m'gas'[39m }
  ]
}

--- estimateSwap 300000 USDT -> USDC (sweep 1) ---
{
  tokenIn: [32m'USDT'[39m,
  tokenOut: [32m'USDC'[39m,
  amountIn: [32m'300000'[39m,
  chain: [32m'Ethereum'[39m,
  fromAddress: [32m'0x7a6ED11f28a54DA25FDEcd8A9938e26586B14394'[39m,
  toAddress: [32m'0x7a6ED11f28a54DA25FDEcd8A9938e26586B14394'[39m,
  stopLimit: { amount: [32m'299643.2483'[39m, token: [32m'USDC'[39m },
  estimatedOutput: { amount: [32m'299643.2483'[39m, token: [32m'USDC'[39m },
  fees: [
    { token: [32m'USDT'[39m, amount: [32m'60.0'[39m, type: [32m'provider'[39m },
    { token: [32m'ETH'[39m, amount: [32m'0.000431323337141272'[39m, type: [32m'gas'[39m }
  ]
}

--- estimateSwap 400000 USDT -> USDC (sweep 1) ---
{
  tokenIn: [32m'USDT'[39m,
  tokenOut: [32m'USDC'[39m,
  amountIn: [32m'400000'[39m,
  chain: [32m'Ethereum'[39m,
  fromAddress: [32m'0x7a6ED11f28a54DA25FDEcd8A9938e26586B14394'[39m,
  toAddress: [32m'0x7a6ED11f28a54DA25FDEcd8A9938e26586B14394'[39m,
  stopLimit: { amount: [32m'399524.355451'[39m, token: [32m'USDC'[39m },
  estimatedOutput: { amount: [32m'399524.355451'[39m, token: [32m'USDC'[39m },
  fees: [
    { token: [32m'USDT'[39m, amount: [32m'80.0'[39m, type: [32m'provider'[39m },
    { token: [32m'ETH'[39m, amount: [32m'0.000533301023194375'[39m, type: [32m'gas'[39m }
  ]
}

--- estimateSwap 500000 USDT -> USDC (sweep 1) ---
{
  tokenIn: [32m'USDT'[39m,
  tokenOut: [32m'USDC'[39m,
  amountIn: [32m'500000'[39m,
  chain: [32m'Ethereum'[39m,
  fromAddress: [32m'0x7a6ED11f28a54DA25FDEcd8A9938e26586B14394'[39m,
  toAddress: [32m'0x7a6ED11f28a54DA25FDEcd8A9938e26586B14394'[39m,
  stopLimit: { amount: [32m'499404.952052'[39m, token: [32m'USDC'[39m },
  estimatedOutput: { amount: [32m'499404.952052'[39m, token: [32m'USDC'[39m },
  fees: [
    { token: [32m'USDT'[39m, amount: [32m'100.0'[39m, type: [32m'provider'[39m },
    { token: [32m'ETH'[39m, amount: [32m'0.000533301023194375'[39m, type: [32m'gas'[39m }
  ]
}

--- estimateSwap 1000000 USDT -> USDC (sweep 1) ---
{
  tokenIn: [32m'USDT'[39m,
  tokenOut: [32m'USDC'[39m,
  amountIn: [32m'1000000'[39m,
  chain: [32m'Ethereum'[39m,
  fromAddress: [32m'0x7a6ED11f28a54DA25FDEcd8A9938e26586B14394'[39m,
  toAddress: [32m'0x7a6ED11f28a54DA25FDEcd8A9938e26586B14394'[39m,
  stopLimit: { amount: [32m'998804.733231'[39m, token: [32m'USDC'[39m },
  estimatedOutput: { amount: [32m'998804.733231'[39m, token: [32m'USDC'[39m },
  fees: [
    { token: [32m'USDT'[39m, amount: [32m'200.0'[39m, type: [32m'provider'[39m },
    { token: [32m'ETH'[39m, amount: [32m'0.000517926252328334'[39m, type: [32m'gas'[39m }
  ]
}

##################### SWEEP 2/3 on Ethereum #####################

--- estimateSwap 100 USDT -> USDC (sweep 2) ---
{
  tokenIn: [32m'USDT'[39m,
  tokenOut: [32m'USDC'[39m,
  amountIn: [32m'100'[39m,
  chain: [32m'Ethereum'[39m,
  fromAddress: [32m'0x7a6ED11f28a54DA25FDEcd8A9938e26586B14394'[39m,
  toAddress: [32m'0x7a6ED11f28a54DA25FDEcd8A9938e26586B14394'[39m,
  stopLimit: { amount: [32m'100.266226'[39m, token: [32m'USDC'[39m },
  estimatedOutput: { amount: [32m'100.266226'[39m, token: [32m'USDC'[39m },
  fees: [
    { token: [32m'USDT'[39m, amount: [32m'0.02'[39m, type: [32m'provider'[39m },
    { token: [32m'ETH'[39m, amount: [32m'0.00021179798695671'[39m, type: [32m'gas'[39m }
  ]
}

--- estimateSwap 10000 USDT -> USDC (sweep 2) ---
{
  tokenIn: [32m'USDT'[39m,
  tokenOut: [32m'USDC'[39m,
  amountIn: [32m'10000'[39m,
  chain: [32m'Ethereum'[39m,
  fromAddress: [32m'0x7a6ED11f28a54DA25FDEcd8A9938e26586B14394'[39m,
  toAddress: [32m'0x7a6ED11f28a54DA25FDEcd8A9938e26586B14394'[39m,
  stopLimit: { amount: [32m'9990.755371'[39m, token: [32m'USDC'[39m },
  estimatedOutput: { amount: [32m'9990.755371'[39m, token: [32m'USDC'[39m },
  fees: [
    { token: [32m'USDT'[39m, amount: [32m'2.0'[39m, type: [32m'provider'[39m },
    { token: [32m'ETH'[39m, amount: [32m'0.000220062833948357'[39m, type: [32m'gas'[39m }
  ]
}

--- estimateSwap 50000 USDT -> USDC (sweep 2) ---
{
  tokenIn: [32m'USDT'[39m,
  tokenOut: [32m'USDC'[39m,
  amountIn: [32m'50000'[39m,
  chain: [32m'Ethereum'[39m,
  fromAddress: [32m'0x7a6ED11f28a54DA25FDEcd8A9938e26586B14394'[39m,
  toAddress: [32m'0x7a6ED11f28a54DA25FDEcd8A9938e26586B14394'[39m,
  stopLimit: { amount: [32m'49941.010096'[39m, token: [32m'USDC'[39m },
  estimatedOutput: { amount: [32m'49941.010096'[39m, token: [32m'USDC'[39m },
  fees: [
    { token: [32m'USDT'[39m, amount: [32m'10.0'[39m, type: [32m'provider'[39m },
    { token: [32m'ETH'[39m, amount: [32m'0.000318195656350272'[39m, type: [32m'gas'[39m }
  ]
}

--- estimateSwap 100000 USDT -> USDC (sweep 2) ---
{
  tokenIn: [32m'USDT'[39m,
  tokenOut: [32m'USDC'[39m,
  amountIn: [32m'100000'[39m,
  chain: [32m'Ethereum'[39m,
  fromAddress: [32m'0x7a6ED11f28a54DA25FDEcd8A9938e26586B14394'[39m,
  toAddress: [32m'0x7a6ED11f28a54DA25FDEcd8A9938e26586B14394'[39m,
  stopLimit: { amount: [32m'99883.051273'[39m, token: [32m'USDC'[39m },
  estimatedOutput: { amount: [32m'99883.051273'[39m, token: [32m'USDC'[39m },
  fees: [
    { token: [32m'USDT'[39m, amount: [32m'20.0'[39m, type: [32m'provider'[39m },
    { token: [32m'ETH'[39m, amount: [32m'0.000442188430042975'[39m, type: [32m'gas'[39m }
  ]
}

--- estimateSwap 200000 USDT -> USDC (sweep 2) ---
{
  tokenIn: [32m'USDT'[39m,
  tokenOut: [32m'USDC'[39m,
  amountIn: [32m'200000'[39m,
  chain: [32m'Ethereum'[39m,
  fromAddress: [32m'0x7a6ED11f28a54DA25FDEcd8A9938e26586B14394'[39m,
  toAddress: [32m'0x7a6ED11f28a54DA25FDEcd8A9938e26586B14394'[39m,
  stopLimit: { amount: [32m'199762.352573'[39m, token: [32m'USDC'[39m },
  estimatedOutput: { amount: [32m'199762.352573'[39m, token: [32m'USDC'[39m },
  fees: [
    { token: [32m'USDT'[39m, amount: [32m'40.0'[39m, type: [32m'provider'[39m },
    { token: [32m'ETH'[39m, amount: [32m'0.000237135048950606'[39m, type: [32m'gas'[39m }
  ]
}

--- estimateSwap 300000 USDT -> USDC (sweep 2) ---
{
  tokenIn: [32m'USDT'[39m,
  tokenOut: [32m'USDC'[39m,
  amountIn: [32m'300000'[39m,
  chain: [32m'Ethereum'[39m,
  fromAddress: [32m'0x7a6ED11f28a54DA25FDEcd8A9938e26586B14394'[39m,
  toAddress: [32m'0x7a6ED11f28a54DA25FDEcd8A9938e26586B14394'[39m,
  stopLimit: { amount: [32m'299643.2483'[39m, token: [32m'USDC'[39m },
  estimatedOutput: { amount: [32m'299643.2483'[39m, token: [32m'USDC'[39m },
  fees: [
    { token: [32m'USDT'[39m, amount: [32m'60.0'[39m, type: [32m'provider'[39m },
    { token: [32m'ETH'[39m, amount: [32m'0.000400933311421469'[39m, type: [32m'gas'[39m }
  ]
}

--- estimateSwap 400000 USDT -> USDC (sweep 2) ---
{
  tokenIn: [32m'USDT'[39m,
  tokenOut: [32m'USDC'[39m,
  amountIn: [32m'400000'[39m,
  chain: [32m'Ethereum'[39m,
  fromAddress: [32m'0x7a6ED11f28a54DA25FDEcd8A9938e26586B14394'[39m,
  toAddress: [32m'0x7a6ED11f28a54DA25FDEcd8A9938e26586B14394'[39m,
  stopLimit: { amount: [32m'399524.441807'[39m, token: [32m'USDC'[39m },
  estimatedOutput: { amount: [32m'399524.441807'[39m, token: [32m'USDC'[39m },
  fees: [
    { token: [32m'USDT'[39m, amount: [32m'80.0'[39m, type: [32m'provider'[39m },
    { token: [32m'ETH'[39m, amount: [32m'0.000540860126663329'[39m, type: [32m'gas'[39m }
  ]
}

--- estimateSwap 500000 USDT -> USDC (sweep 2) ---
{
  tokenIn: [32m'USDT'[39m,
  tokenOut: [32m'USDC'[39m,
  amountIn: [32m'500000'[39m,
  chain: [32m'Ethereum'[39m,
  fromAddress: [32m'0x7a6ED11f28a54DA25FDEcd8A9938e26586B14394'[39m,
  toAddress: [32m'0x7a6ED11f28a54DA25FDEcd8A9938e26586B14394'[39m,
  stopLimit: { amount: [32m'499404.934198'[39m, token: [32m'USDC'[39m },
  estimatedOutput: { amount: [32m'499404.934198'[39m, token: [32m'USDC'[39m },
  fees: [
    { token: [32m'USDT'[39m, amount: [32m'100.0'[39m, type: [32m'provider'[39m },
    { token: [32m'ETH'[39m, amount: [32m'0.000540860126663329'[39m, type: [32m'gas'[39m }
  ]
}

--- estimateSwap 1000000 USDT -> USDC (sweep 2) ---
{
  tokenIn: [32m'USDT'[39m,
  tokenOut: [32m'USDC'[39m,
  amountIn: [32m'1000000'[39m,
  chain: [32m'Ethereum'[39m,
  fromAddress: [32m'0x7a6ED11f28a54DA25FDEcd8A9938e26586B14394'[39m,
  toAddress: [32m'0x7a6ED11f28a54DA25FDEcd8A9938e26586B14394'[39m,
  stopLimit: { amount: [32m'998804.733231'[39m, token: [32m'USDC'[39m },
  estimatedOutput: { amount: [32m'998804.733231'[39m, token: [32m'USDC'[39m },
  fees: [
    { token: [32m'USDT'[39m, amount: [32m'200.0'[39m, type: [32m'provider'[39m },
    { token: [32m'ETH'[39m, amount: [32m'0.000488751317620129'[39m, type: [32m'gas'[39m }
  ]
}

##################### SWEEP 3/3 on Ethereum #####################

--- estimateSwap 100 USDT -> USDC (sweep 3) ---
{
  tokenIn: [32m'USDT'[39m,
  tokenOut: [32m'USDC'[39m,
  amountIn: [32m'100'[39m,
  chain: [32m'Ethereum'[39m,
  fromAddress: [32m'0x7a6ED11f28a54DA25FDEcd8A9938e26586B14394'[39m,
  toAddress: [32m'0x7a6ED11f28a54DA25FDEcd8A9938e26586B14394'[39m,
  stopLimit: { amount: [32m'100.263112'[39m, token: [32m'USDC'[39m },
  estimatedOutput: { amount: [32m'100.263112'[39m, token: [32m'USDC'[39m },
  fees: [
    { token: [32m'USDT'[39m, amount: [32m'0.02'[39m, type: [32m'provider'[39m },
    { token: [32m'ETH'[39m, amount: [32m'0.00019236350021385'[39m, type: [32m'gas'[39m }
  ]
}

--- estimateSwap 10000 USDT -> USDC (sweep 3) ---
{
  tokenIn: [32m'USDT'[39m,
  tokenOut: [32m'USDC'[39m,
  amountIn: [32m'10000'[39m,
  chain: [32m'Ethereum'[39m,
  fromAddress: [32m'0x7a6ED11f28a54DA25FDEcd8A9938e26586B14394'[39m,
  toAddress: [32m'0x7a6ED11f28a54DA25FDEcd8A9938e26586B14394'[39m,
  stopLimit: { amount: [32m'9990.755585'[39m, token: [32m'USDC'[39m },
  estimatedOutput: { amount: [32m'9990.755585'[39m, token: [32m'USDC'[39m },
  fees: [
    { token: [32m'USDT'[39m, amount: [32m'2.0'[39m, type: [32m'provider'[39m },
    { token: [32m'ETH'[39m, amount: [32m'0.000199869968612769'[39m, type: [32m'gas'[39m }
  ]
}

--- estimateSwap 50000 USDT -> USDC (sweep 3) ---
{
  tokenIn: [32m'USDT'[39m,
  tokenOut: [32m'USDC'[39m,
  amountIn: [32m'50000'[39m,
  chain: [32m'Ethereum'[39m,
  fromAddress: [32m'0x7a6ED11f28a54DA25FDEcd8A9938e26586B14394'[39m,
  toAddress: [32m'0x7a6ED11f28a54DA25FDEcd8A9938e26586B14394'[39m,
  stopLimit: { amount: [32m'49943.253914'[39m, token: [32m'USDC'[39m },
  estimatedOutput: { amount: [32m'49943.253914'[39m, token: [32m'USDC'[39m },
  fees: [
    { token: [32m'USDT'[39m, amount: [32m'10.0'[39m, type: [32m'provider'[39m },
    { token: [32m'ETH'[39m, amount: [32m'0.000657444578093'[39m, type: [32m'gas'[39m }
  ]
}

--- estimateSwap 100000 USDT -> USDC (sweep 3) ---
{
  tokenIn: [32m'USDT'[39m,
  tokenOut: [32m'USDC'[39m,
  amountIn: [32m'100000'[39m,
  chain: [32m'Ethereum'[39m,
  fromAddress: [32m'0x7a6ED11f28a54DA25FDEcd8A9938e26586B14394'[39m,
  toAddress: [32m'0x7a6ED11f28a54DA25FDEcd8A9938e26586B14394'[39m,
  stopLimit: { amount: [32m'99881.992293'[39m, token: [32m'USDC'[39m },
  estimatedOutput: { amount: [32m'99881.992293'[39m, token: [32m'USDC'[39m },
  fees: [
    { token: [32m'USDT'[39m, amount: [32m'20.0'[39m, type: [32m'provider'[39m },
    { token: [32m'ETH'[39m, amount: [32m'0.000311587557055923'[39m, type: [32m'gas'[39m }
  ]
}

--- estimateSwap 200000 USDT -> USDC (sweep 3) ---
{
  tokenIn: [32m'USDT'[39m,
  tokenOut: [32m'USDC'[39m,
  amountIn: [32m'200000'[39m,
  chain: [32m'Ethereum'[39m,
  fromAddress: [32m'0x7a6ED11f28a54DA25FDEcd8A9938e26586B14394'[39m,
  toAddress: [32m'0x7a6ED11f28a54DA25FDEcd8A9938e26586B14394'[39m,
  stopLimit: { amount: [32m'199764.402193'[39m, token: [32m'USDC'[39m },
  estimatedOutput: { amount: [32m'199764.402193'[39m, token: [32m'USDC'[39m },
  fees: [
    { token: [32m'USDT'[39m, amount: [32m'40.0'[39m, type: [32m'provider'[39m },
    { token: [32m'ETH'[39m, amount: [32m'0.000801032736857319'[39m, type: [32m'gas'[39m }
  ]
}

--- estimateSwap 300000 USDT -> USDC (sweep 3) ---
{
  tokenIn: [32m'USDT'[39m,
  tokenOut: [32m'USDC'[39m,
  amountIn: [32m'300000'[39m,
  chain: [32m'Ethereum'[39m,
  fromAddress: [32m'0x7a6ED11f28a54DA25FDEcd8A9938e26586B14394'[39m,
  toAddress: [32m'0x7a6ED11f28a54DA25FDEcd8A9938e26586B14394'[39m,
  stopLimit: { amount: [32m'299644.522963'[39m, token: [32m'USDC'[39m },
  estimatedOutput: { amount: [32m'299644.522963'[39m, token: [32m'USDC'[39m },
  fees: [
    { token: [32m'USDT'[39m, amount: [32m'60.0'[39m, type: [32m'provider'[39m },
    { token: [32m'ETH'[39m, amount: [32m'0.00079430137768444'[39m, type: [32m'gas'[39m }
  ]
}

--- estimateSwap 400000 USDT -> USDC (sweep 3) ---
{
  tokenIn: [32m'USDT'[39m,
  tokenOut: [32m'USDC'[39m,
  amountIn: [32m'400000'[39m,
  chain: [32m'Ethereum'[39m,
  fromAddress: [32m'0x7a6ED11f28a54DA25FDEcd8A9938e26586B14394'[39m,
  toAddress: [32m'0x7a6ED11f28a54DA25FDEcd8A9938e26586B14394'[39m,
  stopLimit: { amount: [32m'399524.33047'[39m, token: [32m'USDC'[39m },
  estimatedOutput: { amount: [32m'399524.33047'[39m, token: [32m'USDC'[39m },
  fees: [
    { token: [32m'USDT'[39m, amount: [32m'80.0'[39m, type: [32m'provider'[39m },
    { token: [32m'ETH'[39m, amount: [32m'0.000537185751657486'[39m, type: [32m'gas'[39m }
  ]
}

--- estimateSwap 500000 USDT -> USDC (sweep 3) ---
{
  tokenIn: [32m'USDT'[39m,
  tokenOut: [32m'USDC'[39m,
  amountIn: [32m'500000'[39m,
  chain: [32m'Ethereum'[39m,
  fromAddress: [32m'0x7a6ED11f28a54DA25FDEcd8A9938e26586B14394'[39m,
  toAddress: [32m'0x7a6ED11f28a54DA25FDEcd8A9938e26586B14394'[39m,
  stopLimit: { amount: [32m'499404.934198'[39m, token: [32m'USDC'[39m },
  estimatedOutput: { amount: [32m'499404.934198'[39m, token: [32m'USDC'[39m },
  fees: [
    { token: [32m'USDT'[39m, amount: [32m'100.0'[39m, type: [32m'provider'[39m },
    { token: [32m'ETH'[39m, amount: [32m'0.000542039995785997'[39m, type: [32m'gas'[39m }
  ]
}

--- estimateSwap 1000000 USDT -> USDC (sweep 3) ---
{
  tokenIn: [32m'USDT'[39m,
  tokenOut: [32m'USDC'[39m,
  amountIn: [32m'1000000'[39m,
  chain: [32m'Ethereum'[39m,
  fromAddress: [32m'0x7a6ED11f28a54DA25FDEcd8A9938e26586B14394'[39m,
  toAddress: [32m'0x7a6ED11f28a54DA25FDEcd8A9938e26586B14394'[39m,
  stopLimit: { amount: [32m'998804.299314'[39m, token: [32m'USDC'[39m },
  estimatedOutput: { amount: [32m'998804.299314'[39m, token: [32m'USDC'[39m },
  fees: [
    { token: [32m'USDT'[39m, amount: [32m'200.0'[39m, type: [32m'provider'[39m },
    { token: [32m'ETH'[39m, amount: [32m'0.000489817513037197'[39m, type: [32m'gas'[39m }
  ]
}

========================= SPREAD ANALYSIS (per-sweep bips, averaged) =========================
Pair: USDT -> USDC on Ethereum
Sweeps: 3
Method: bips = ((sweep_$100_rate - sweep_N_rate) / sweep_$100_rate) * 10_000, computed per sweep using that sweep's own $100 quote as benchmark. Then averaged across sweeps.

  amountIn |    sweep 1 amountOut |    sweep 2 amountOut |    sweep 3 amountOut |   sweep 1 bips |   sweep 2 bips |   sweep 3 bips |   avg bips
----------------------------------------------------------------------------------------------------------------------------------------------------------------
       100 |           100.186010 |           100.266226 |           100.263112 |           0.00 |           0.00 |           0.00 |       0.00
     10000 |          9989.940983 |          9990.755371 |          9990.755585 |          28.61 |          35.77 |          35.46 |      33.28
     50000 |         49940.635573 |         49941.010096 |         49943.253914 |          30.42 |          38.32 |          37.56 |      35.43
    100000 |         99881.240307 |         99883.051273 |         99881.992293 |          30.42 |          38.22 |          38.01 |      35.55
    200000 |        199764.402193 |        199762.352573 |        199764.402193 |          30.32 |          38.40 |          37.99 |      35.57
    300000 |        299643.248300 |        299643.248300 |        299644.522963 |          30.44 |          38.41 |          38.06 |      35.64
    400000 |        399524.355451 |        399524.441807 |        399524.330470 |          30.44 |          38.41 |          38.10 |      35.65
    500000 |        499404.952052 |        499404.934198 |        499404.934198 |          30.45 |          38.42 |          38.11 |      35.66
   1000000 |        998804.733231 |        998804.733231 |        998804.299314 |          30.50 |          38.47 |          38.17 |      35.71
==================================================================================================
