
##################### SWEEP 1/3 on Ethereum #####################

--- estimateSwap 100 USDC -> USDT (sweep 1) ---
(node:89142) [DEP0205] DeprecationWarning: `module.register()` is deprecated. Use `module.registerHooks()` instead.
(Use `node --trace-deprecation ...` to show where the warning was created)
{
  tokenIn: [32m'USDC'[39m,
  tokenOut: [32m'USDT'[39m,
  amountIn: [32m'100'[39m,
  chain: [32m'Ethereum'[39m,
  fromAddress: [32m'0x7a6ED11f28a54DA25FDEcd8A9938e26586B14394'[39m,
  toAddress: [32m'0x7a6ED11f28a54DA25FDEcd8A9938e26586B14394'[39m,
  stopLimit: { amount: [32m'100.075855'[39m, token: [32m'USDT'[39m },
  estimatedOutput: { amount: [32m'100.075855'[39m, token: [32m'USDT'[39m },
  fees: [
    { token: [32m'USDC'[39m, amount: [32m'0.02'[39m, type: [32m'provider'[39m },
    { token: [32m'ETH'[39m, amount: [32m'0.000172396226810808'[39m, type: [32m'gas'[39m }
  ]
}

--- estimateSwap 10000 USDC -> USDT (sweep 1) ---
{
  tokenIn: [32m'USDC'[39m,
  tokenOut: [32m'USDT'[39m,
  amountIn: [32m'10000'[39m,
  chain: [32m'Ethereum'[39m,
  fromAddress: [32m'0x7a6ED11f28a54DA25FDEcd8A9938e26586B14394'[39m,
  toAddress: [32m'0x7a6ED11f28a54DA25FDEcd8A9938e26586B14394'[39m,
  stopLimit: { amount: [32m'10007.583097'[39m, token: [32m'USDT'[39m },
  estimatedOutput: { amount: [32m'10007.583097'[39m, token: [32m'USDT'[39m },
  fees: [
    { token: [32m'USDC'[39m, amount: [32m'2.0'[39m, type: [32m'provider'[39m },
    { token: [32m'ETH'[39m, amount: [32m'0.000144799345160858'[39m, type: [32m'gas'[39m }
  ]
}

--- estimateSwap 50000 USDC -> USDT (sweep 1) ---
{
  tokenIn: [32m'USDC'[39m,
  tokenOut: [32m'USDT'[39m,
  amountIn: [32m'50000'[39m,
  chain: [32m'Ethereum'[39m,
  fromAddress: [32m'0x7a6ED11f28a54DA25FDEcd8A9938e26586B14394'[39m,
  toAddress: [32m'0x7a6ED11f28a54DA25FDEcd8A9938e26586B14394'[39m,
  stopLimit: { amount: [32m'50037.866379'[39m, token: [32m'USDT'[39m },
  estimatedOutput: { amount: [32m'50037.866379'[39m, token: [32m'USDT'[39m },
  fees: [
    { token: [32m'USDC'[39m, amount: [32m'10.0'[39m, type: [32m'provider'[39m },
    { token: [32m'ETH'[39m, amount: [32m'0.000180257503057632'[39m, type: [32m'gas'[39m }
  ]
}

--- estimateSwap 100000 USDC -> USDT (sweep 1) ---
{
  tokenIn: [32m'USDC'[39m,
  tokenOut: [32m'USDT'[39m,
  amountIn: [32m'100000'[39m,
  chain: [32m'Ethereum'[39m,
  fromAddress: [32m'0x7a6ED11f28a54DA25FDEcd8A9938e26586B14394'[39m,
  toAddress: [32m'0x7a6ED11f28a54DA25FDEcd8A9938e26586B14394'[39m,
  stopLimit: { amount: [32m'100075.609932'[39m, token: [32m'USDT'[39m },
  estimatedOutput: { amount: [32m'100075.609932'[39m, token: [32m'USDT'[39m },
  fees: [
    { token: [32m'USDC'[39m, amount: [32m'20.0'[39m, type: [32m'provider'[39m },
    { token: [32m'ETH'[39m, amount: [32m'0.000151402202275115'[39m, type: [32m'gas'[39m }
  ]
}

--- estimateSwap 200000 USDC -> USDT (sweep 1) ---
{
  tokenIn: [32m'USDC'[39m,
  tokenOut: [32m'USDT'[39m,
  amountIn: [32m'200000'[39m,
  chain: [32m'Ethereum'[39m,
  fromAddress: [32m'0x7a6ED11f28a54DA25FDEcd8A9938e26586B14394'[39m,
  toAddress: [32m'0x7a6ED11f28a54DA25FDEcd8A9938e26586B14394'[39m,
  stopLimit: { amount: [32m'200151.026367'[39m, token: [32m'USDT'[39m },
  estimatedOutput: { amount: [32m'200151.026367'[39m, token: [32m'USDT'[39m },
  fees: [
    { token: [32m'USDC'[39m, amount: [32m'40.0'[39m, type: [32m'provider'[39m },
    { token: [32m'ETH'[39m, amount: [32m'0.000372233956540561'[39m, type: [32m'gas'[39m }
  ]
}

--- estimateSwap 300000 USDC -> USDT (sweep 1) ---
{
  tokenIn: [32m'USDC'[39m,
  tokenOut: [32m'USDT'[39m,
  amountIn: [32m'300000'[39m,
  chain: [32m'Ethereum'[39m,
  fromAddress: [32m'0x7a6ED11f28a54DA25FDEcd8A9938e26586B14394'[39m,
  toAddress: [32m'0x7a6ED11f28a54DA25FDEcd8A9938e26586B14394'[39m,
  stopLimit: { amount: [32m'300226.24238'[39m, token: [32m'USDT'[39m },
  estimatedOutput: { amount: [32m'300226.24238'[39m, token: [32m'USDT'[39m },
  fees: [
    { token: [32m'USDC'[39m, amount: [32m'60.0'[39m, type: [32m'provider'[39m },
    { token: [32m'ETH'[39m, amount: [32m'0.000372233956540561'[39m, type: [32m'gas'[39m }
  ]
}

--- estimateSwap 400000 USDC -> USDT (sweep 1) ---
{
  tokenIn: [32m'USDC'[39m,
  tokenOut: [32m'USDT'[39m,
  amountIn: [32m'400000'[39m,
  chain: [32m'Ethereum'[39m,
  fromAddress: [32m'0x7a6ED11f28a54DA25FDEcd8A9938e26586B14394'[39m,
  toAddress: [32m'0x7a6ED11f28a54DA25FDEcd8A9938e26586B14394'[39m,
  stopLimit: { amount: [32m'400301.152291'[39m, token: [32m'USDT'[39m },
  estimatedOutput: { amount: [32m'400301.152291'[39m, token: [32m'USDT'[39m },
  fees: [
    { token: [32m'USDC'[39m, amount: [32m'80.0'[39m, type: [32m'provider'[39m },
    { token: [32m'ETH'[39m, amount: [32m'0.000372233956540561'[39m, type: [32m'gas'[39m }
  ]
}

--- estimateSwap 500000 USDC -> USDT (sweep 1) ---
{
  tokenIn: [32m'USDC'[39m,
  tokenOut: [32m'USDT'[39m,
  amountIn: [32m'500000'[39m,
  chain: [32m'Ethereum'[39m,
  fromAddress: [32m'0x7a6ED11f28a54DA25FDEcd8A9938e26586B14394'[39m,
  toAddress: [32m'0x7a6ED11f28a54DA25FDEcd8A9938e26586B14394'[39m,
  stopLimit: { amount: [32m'500375.816723'[39m, token: [32m'USDT'[39m },
  estimatedOutput: { amount: [32m'500375.816723'[39m, token: [32m'USDT'[39m },
  fees: [
    { token: [32m'USDC'[39m, amount: [32m'100.0'[39m, type: [32m'provider'[39m },
    { token: [32m'ETH'[39m, amount: [32m'0.000396510886667987'[39m, type: [32m'gas'[39m }
  ]
}

--- estimateSwap 1000000 USDC -> USDT (sweep 1) ---
{
  tokenIn: [32m'USDC'[39m,
  tokenOut: [32m'USDT'[39m,
  amountIn: [32m'1000000'[39m,
  chain: [32m'Ethereum'[39m,
  fromAddress: [32m'0x7a6ED11f28a54DA25FDEcd8A9938e26586B14394'[39m,
  toAddress: [32m'0x7a6ED11f28a54DA25FDEcd8A9938e26586B14394'[39m,
  stopLimit: { amount: [32m'1000745.491094'[39m, token: [32m'USDT'[39m },
  estimatedOutput: { amount: [32m'1000745.491094'[39m, token: [32m'USDT'[39m },
  fees: [
    { token: [32m'USDC'[39m, amount: [32m'200.0'[39m, type: [32m'provider'[39m },
    { token: [32m'ETH'[39m, amount: [32m'0.000396510886667987'[39m, type: [32m'gas'[39m }
  ]
}

##################### SWEEP 2/3 on Ethereum #####################

--- estimateSwap 100 USDC -> USDT (sweep 2) ---
{
  tokenIn: [32m'USDC'[39m,
  tokenOut: [32m'USDT'[39m,
  amountIn: [32m'100'[39m,
  chain: [32m'Ethereum'[39m,
  fromAddress: [32m'0x7a6ED11f28a54DA25FDEcd8A9938e26586B14394'[39m,
  toAddress: [32m'0x7a6ED11f28a54DA25FDEcd8A9938e26586B14394'[39m,
  stopLimit: { amount: [32m'100.075909'[39m, token: [32m'USDT'[39m },
  estimatedOutput: { amount: [32m'100.075909'[39m, token: [32m'USDT'[39m },
  fees: [
    { token: [32m'USDC'[39m, amount: [32m'0.02'[39m, type: [32m'provider'[39m },
    { token: [32m'ETH'[39m, amount: [32m'0.00019188381197072'[39m, type: [32m'gas'[39m }
  ]
}

--- estimateSwap 10000 USDC -> USDT (sweep 2) ---
{
  tokenIn: [32m'USDC'[39m,
  tokenOut: [32m'USDT'[39m,
  amountIn: [32m'10000'[39m,
  chain: [32m'Ethereum'[39m,
  fromAddress: [32m'0x7a6ED11f28a54DA25FDEcd8A9938e26586B14394'[39m,
  toAddress: [32m'0x7a6ED11f28a54DA25FDEcd8A9938e26586B14394'[39m,
  stopLimit: { amount: [32m'10007.588541'[39m, token: [32m'USDT'[39m },
  estimatedOutput: { amount: [32m'10007.588541'[39m, token: [32m'USDT'[39m },
  fees: [
    { token: [32m'USDC'[39m, amount: [32m'2.0'[39m, type: [32m'provider'[39m },
    { token: [32m'ETH'[39m, amount: [32m'0.00019188381197072'[39m, type: [32m'gas'[39m }
  ]
}

--- estimateSwap 50000 USDC -> USDT (sweep 2) ---
{
  tokenIn: [32m'USDC'[39m,
  tokenOut: [32m'USDT'[39m,
  amountIn: [32m'50000'[39m,
  chain: [32m'Ethereum'[39m,
  fromAddress: [32m'0x7a6ED11f28a54DA25FDEcd8A9938e26586B14394'[39m,
  toAddress: [32m'0x7a6ED11f28a54DA25FDEcd8A9938e26586B14394'[39m,
  stopLimit: { amount: [32m'50037.844466'[39m, token: [32m'USDT'[39m },
  estimatedOutput: { amount: [32m'50037.844466'[39m, token: [32m'USDT'[39m },
  fees: [
    { token: [32m'USDC'[39m, amount: [32m'10.0'[39m, type: [32m'provider'[39m },
    { token: [32m'ETH'[39m, amount: [32m'0.000141046593476014'[39m, type: [32m'gas'[39m }
  ]
}

--- estimateSwap 100000 USDC -> USDT (sweep 2) ---
{
  tokenIn: [32m'USDC'[39m,
  tokenOut: [32m'USDT'[39m,
  amountIn: [32m'100000'[39m,
  chain: [32m'Ethereum'[39m,
  fromAddress: [32m'0x7a6ED11f28a54DA25FDEcd8A9938e26586B14394'[39m,
  toAddress: [32m'0x7a6ED11f28a54DA25FDEcd8A9938e26586B14394'[39m,
  stopLimit: { amount: [32m'100075.538869'[39m, token: [32m'USDT'[39m },
  estimatedOutput: { amount: [32m'100075.538869'[39m, token: [32m'USDT'[39m },
  fees: [
    { token: [32m'USDC'[39m, amount: [32m'20.0'[39m, type: [32m'provider'[39m },
    { token: [32m'ETH'[39m, amount: [32m'0.000188875705421033'[39m, type: [32m'gas'[39m }
  ]
}

--- estimateSwap 200000 USDC -> USDT (sweep 2) ---
{
  tokenIn: [32m'USDC'[39m,
  tokenOut: [32m'USDT'[39m,
  amountIn: [32m'200000'[39m,
  chain: [32m'Ethereum'[39m,
  fromAddress: [32m'0x7a6ED11f28a54DA25FDEcd8A9938e26586B14394'[39m,
  toAddress: [32m'0x7a6ED11f28a54DA25FDEcd8A9938e26586B14394'[39m,
  stopLimit: { amount: [32m'200150.933705'[39m, token: [32m'USDT'[39m },
  estimatedOutput: { amount: [32m'200150.933705'[39m, token: [32m'USDT'[39m },
  fees: [
    { token: [32m'USDC'[39m, amount: [32m'40.0'[39m, type: [32m'provider'[39m },
    { token: [32m'ETH'[39m, amount: [32m'0.000314504282315319'[39m, type: [32m'gas'[39m }
  ]
}

--- estimateSwap 300000 USDC -> USDT (sweep 2) ---
{
  tokenIn: [32m'USDC'[39m,
  tokenOut: [32m'USDT'[39m,
  amountIn: [32m'300000'[39m,
  chain: [32m'Ethereum'[39m,
  fromAddress: [32m'0x7a6ED11f28a54DA25FDEcd8A9938e26586B14394'[39m,
  toAddress: [32m'0x7a6ED11f28a54DA25FDEcd8A9938e26586B14394'[39m,
  stopLimit: { amount: [32m'300225.945377'[39m, token: [32m'USDT'[39m },
  estimatedOutput: { amount: [32m'300225.945377'[39m, token: [32m'USDT'[39m },
  fees: [
    { token: [32m'USDC'[39m, amount: [32m'60.0'[39m, type: [32m'provider'[39m },
    { token: [32m'ETH'[39m, amount: [32m'0.000221411412718939'[39m, type: [32m'gas'[39m }
  ]
}

--- estimateSwap 400000 USDC -> USDT (sweep 2) ---
{
  tokenIn: [32m'USDC'[39m,
  tokenOut: [32m'USDT'[39m,
  amountIn: [32m'400000'[39m,
  chain: [32m'Ethereum'[39m,
  fromAddress: [32m'0x7a6ED11f28a54DA25FDEcd8A9938e26586B14394'[39m,
  toAddress: [32m'0x7a6ED11f28a54DA25FDEcd8A9938e26586B14394'[39m,
  stopLimit: { amount: [32m'400301.152291'[39m, token: [32m'USDT'[39m },
  estimatedOutput: { amount: [32m'400301.152291'[39m, token: [32m'USDT'[39m },
  fees: [
    { token: [32m'USDC'[39m, amount: [32m'80.0'[39m, type: [32m'provider'[39m },
    { token: [32m'ETH'[39m, amount: [32m'0.000349998338128223'[39m, type: [32m'gas'[39m }
  ]
}

--- estimateSwap 500000 USDC -> USDT (sweep 2) ---
{
  tokenIn: [32m'USDC'[39m,
  tokenOut: [32m'USDT'[39m,
  amountIn: [32m'500000'[39m,
  chain: [32m'Ethereum'[39m,
  fromAddress: [32m'0x7a6ED11f28a54DA25FDEcd8A9938e26586B14394'[39m,
  toAddress: [32m'0x7a6ED11f28a54DA25FDEcd8A9938e26586B14394'[39m,
  stopLimit: { amount: [32m'500375.75445'[39m, token: [32m'USDT'[39m },
  estimatedOutput: { amount: [32m'500375.75445'[39m, token: [32m'USDT'[39m },
  fees: [
    { token: [32m'USDC'[39m, amount: [32m'100.0'[39m, type: [32m'provider'[39m },
    { token: [32m'ETH'[39m, amount: [32m'0.000429684421407977'[39m, type: [32m'gas'[39m }
  ]
}

--- estimateSwap 1000000 USDC -> USDT (sweep 2) ---
{
  tokenIn: [32m'USDC'[39m,
  tokenOut: [32m'USDT'[39m,
  amountIn: [32m'1000000'[39m,
  chain: [32m'Ethereum'[39m,
  fromAddress: [32m'0x7a6ED11f28a54DA25FDEcd8A9938e26586B14394'[39m,
  toAddress: [32m'0x7a6ED11f28a54DA25FDEcd8A9938e26586B14394'[39m,
  stopLimit: { amount: [32m'1000745.604415'[39m, token: [32m'USDT'[39m },
  estimatedOutput: { amount: [32m'1000745.604415'[39m, token: [32m'USDT'[39m },
  fees: [
    { token: [32m'USDC'[39m, amount: [32m'200.0'[39m, type: [32m'provider'[39m },
    { token: [32m'ETH'[39m, amount: [32m'0.000428064843535708'[39m, type: [32m'gas'[39m }
  ]
}

##################### SWEEP 3/3 on Ethereum #####################

--- estimateSwap 100 USDC -> USDT (sweep 3) ---
{
  tokenIn: [32m'USDC'[39m,
  tokenOut: [32m'USDT'[39m,
  amountIn: [32m'100'[39m,
  chain: [32m'Ethereum'[39m,
  fromAddress: [32m'0x7a6ED11f28a54DA25FDEcd8A9938e26586B14394'[39m,
  toAddress: [32m'0x7a6ED11f28a54DA25FDEcd8A9938e26586B14394'[39m,
  stopLimit: { amount: [32m'100.076808'[39m, token: [32m'USDT'[39m },
  estimatedOutput: { amount: [32m'100.076808'[39m, token: [32m'USDT'[39m },
  fees: [
    { token: [32m'USDC'[39m, amount: [32m'0.02'[39m, type: [32m'provider'[39m },
    { token: [32m'ETH'[39m, amount: [32m'0.000184437122293768'[39m, type: [32m'gas'[39m }
  ]
}

--- estimateSwap 10000 USDC -> USDT (sweep 3) ---
{
  tokenIn: [32m'USDC'[39m,
  tokenOut: [32m'USDT'[39m,
  amountIn: [32m'10000'[39m,
  chain: [32m'Ethereum'[39m,
  fromAddress: [32m'0x7a6ED11f28a54DA25FDEcd8A9938e26586B14394'[39m,
  toAddress: [32m'0x7a6ED11f28a54DA25FDEcd8A9938e26586B14394'[39m,
  stopLimit: { amount: [32m'10007.575986'[39m, token: [32m'USDT'[39m },
  estimatedOutput: { amount: [32m'10007.575986'[39m, token: [32m'USDT'[39m },
  fees: [
    { token: [32m'USDC'[39m, amount: [32m'2.0'[39m, type: [32m'provider'[39m },
    { token: [32m'ETH'[39m, amount: [32m'0.000140419321060523'[39m, type: [32m'gas'[39m }
  ]
}

--- estimateSwap 50000 USDC -> USDT (sweep 3) ---
{
  tokenIn: [32m'USDC'[39m,
  tokenOut: [32m'USDT'[39m,
  amountIn: [32m'50000'[39m,
  chain: [32m'Ethereum'[39m,
  fromAddress: [32m'0x7a6ED11f28a54DA25FDEcd8A9938e26586B14394'[39m,
  toAddress: [32m'0x7a6ED11f28a54DA25FDEcd8A9938e26586B14394'[39m,
  stopLimit: { amount: [32m'50037.830825'[39m, token: [32m'USDT'[39m },
  estimatedOutput: { amount: [32m'50037.830825'[39m, token: [32m'USDT'[39m },
  fees: [
    { token: [32m'USDC'[39m, amount: [32m'10.0'[39m, type: [32m'provider'[39m },
    { token: [32m'ETH'[39m, amount: [32m'0.000167690441390472'[39m, type: [32m'gas'[39m }
  ]
}

--- estimateSwap 100000 USDC -> USDT (sweep 3) ---
{
  tokenIn: [32m'USDC'[39m,
  tokenOut: [32m'USDT'[39m,
  amountIn: [32m'100000'[39m,
  chain: [32m'Ethereum'[39m,
  fromAddress: [32m'0x7a6ED11f28a54DA25FDEcd8A9938e26586B14394'[39m,
  toAddress: [32m'0x7a6ED11f28a54DA25FDEcd8A9938e26586B14394'[39m,
  stopLimit: { amount: [32m'100075.609976'[39m, token: [32m'USDT'[39m },
  estimatedOutput: { amount: [32m'100075.609976'[39m, token: [32m'USDT'[39m },
  fees: [
    { token: [32m'USDC'[39m, amount: [32m'20.0'[39m, type: [32m'provider'[39m },
    { token: [32m'ETH'[39m, amount: [32m'0.000181705832031916'[39m, type: [32m'gas'[39m }
  ]
}

--- estimateSwap 200000 USDC -> USDT (sweep 3) ---
{
  tokenIn: [32m'USDC'[39m,
  tokenOut: [32m'USDT'[39m,
  amountIn: [32m'200000'[39m,
  chain: [32m'Ethereum'[39m,
  fromAddress: [32m'0x7a6ED11f28a54DA25FDEcd8A9938e26586B14394'[39m,
  toAddress: [32m'0x7a6ED11f28a54DA25FDEcd8A9938e26586B14394'[39m,
  stopLimit: { amount: [32m'200150.933705'[39m, token: [32m'USDT'[39m },
  estimatedOutput: { amount: [32m'200150.933705'[39m, token: [32m'USDT'[39m },
  fees: [
    { token: [32m'USDC'[39m, amount: [32m'40.0'[39m, type: [32m'provider'[39m },
    { token: [32m'ETH'[39m, amount: [32m'0.000302565447304701'[39m, type: [32m'gas'[39m }
  ]
}

--- estimateSwap 300000 USDC -> USDT (sweep 3) ---
{
  tokenIn: [32m'USDC'[39m,
  tokenOut: [32m'USDT'[39m,
  amountIn: [32m'300000'[39m,
  chain: [32m'Ethereum'[39m,
  fromAddress: [32m'0x7a6ED11f28a54DA25FDEcd8A9938e26586B14394'[39m,
  toAddress: [32m'0x7a6ED11f28a54DA25FDEcd8A9938e26586B14394'[39m,
  stopLimit: { amount: [32m'300226.031943'[39m, token: [32m'USDT'[39m },
  estimatedOutput: { amount: [32m'300226.031943'[39m, token: [32m'USDT'[39m },
  fees: [
    { token: [32m'USDC'[39m, amount: [32m'60.0'[39m, type: [32m'provider'[39m },
    { token: [32m'ETH'[39m, amount: [32m'0.000291459700449296'[39m, type: [32m'gas'[39m }
  ]
}

--- estimateSwap 400000 USDC -> USDT (sweep 3) ---
{
  tokenIn: [32m'USDC'[39m,
  tokenOut: [32m'USDT'[39m,
  amountIn: [32m'400000'[39m,
  chain: [32m'Ethereum'[39m,
  fromAddress: [32m'0x7a6ED11f28a54DA25FDEcd8A9938e26586B14394'[39m,
  toAddress: [32m'0x7a6ED11f28a54DA25FDEcd8A9938e26586B14394'[39m,
  stopLimit: { amount: [32m'400301.523428'[39m, token: [32m'USDT'[39m },
  estimatedOutput: { amount: [32m'400301.523428'[39m, token: [32m'USDT'[39m },
  fees: [
    { token: [32m'USDC'[39m, amount: [32m'80.0'[39m, type: [32m'provider'[39m },
    { token: [32m'ETH'[39m, amount: [32m'0.00041041163340413'[39m, type: [32m'gas'[39m }
  ]
}

--- estimateSwap 500000 USDC -> USDT (sweep 3) ---
{
  tokenIn: [32m'USDC'[39m,
  tokenOut: [32m'USDT'[39m,
  amountIn: [32m'500000'[39m,
  chain: [32m'Ethereum'[39m,
  fromAddress: [32m'0x7a6ED11f28a54DA25FDEcd8A9938e26586B14394'[39m,
  toAddress: [32m'0x7a6ED11f28a54DA25FDEcd8A9938e26586B14394'[39m,
  stopLimit: { amount: [32m'500375.75445'[39m, token: [32m'USDT'[39m },
  estimatedOutput: { amount: [32m'500375.75445'[39m, token: [32m'USDT'[39m },
  fees: [
    { token: [32m'USDC'[39m, amount: [32m'100.0'[39m, type: [32m'provider'[39m },
    { token: [32m'ETH'[39m, amount: [32m'0.000398471481952863'[39m, type: [32m'gas'[39m }
  ]
}

--- estimateSwap 1000000 USDC -> USDT (sweep 3) ---
{
  tokenIn: [32m'USDC'[39m,
  tokenOut: [32m'USDT'[39m,
  amountIn: [32m'1000000'[39m,
  chain: [32m'Ethereum'[39m,
  fromAddress: [32m'0x7a6ED11f28a54DA25FDEcd8A9938e26586B14394'[39m,
  toAddress: [32m'0x7a6ED11f28a54DA25FDEcd8A9938e26586B14394'[39m,
  stopLimit: { amount: [32m'1000745.536298'[39m, token: [32m'USDT'[39m },
  estimatedOutput: { amount: [32m'1000745.536298'[39m, token: [32m'USDT'[39m },
  fees: [
    { token: [32m'USDC'[39m, amount: [32m'200.0'[39m, type: [32m'provider'[39m },
    { token: [32m'ETH'[39m, amount: [32m'0.000398471481952863'[39m, type: [32m'gas'[39m }
  ]
}

========================= SPREAD ANALYSIS (per-sweep bips, averaged) =========================
Pair: USDC -> USDT on Ethereum
Sweeps: 3
Method: bips = ((sweep_$100_rate - sweep_N_rate) / sweep_$100_rate) * 10_000, computed per sweep using that sweep's own $100 quote as benchmark. Then averaged across sweeps.

  amountIn |    sweep 1 amountOut |    sweep 2 amountOut |    sweep 3 amountOut |   sweep 1 bips |   sweep 2 bips |   sweep 3 bips |   avg bips
----------------------------------------------------------------------------------------------------------------------------------------------------------------
       100 |           100.075855 |           100.075909 |           100.076808 |           0.00 |           0.00 |           0.00 |       0.00
     10000 |         10007.583097 |         10007.588541 |         10007.575986 |           0.00 |           0.00 |           0.10 |       0.04
     50000 |         50037.866379 |         50037.844466 |         50037.830825 |           0.01 |           0.02 |           0.11 |       0.05
    100000 |        100075.609932 |        100075.538869 |        100075.609976 |           0.02 |           0.04 |           0.12 |       0.06
    200000 |        200151.026367 |        200150.933705 |        200150.933705 |           0.03 |           0.04 |           0.13 |       0.07
    300000 |        300226.242380 |        300225.945377 |        300226.031943 |           0.04 |           0.06 |           0.15 |       0.08
    400000 |        400301.152291 |        400301.152291 |        400301.523428 |           0.06 |           0.06 |           0.14 |       0.09
    500000 |        500375.816723 |        500375.754450 |        500375.754450 |           0.07 |           0.08 |           0.17 |       0.10
   1000000 |       1000745.491094 |       1000745.604415 |       1000745.536298 |           0.13 |           0.13 |           0.23 |       0.16
==================================================================================================
