
##################### SWEEP 1/3 on Solana #####################

--- estimateSwap 100 USDC -> USDT (sweep 1) ---
(node:89267) [DEP0205] DeprecationWarning: `module.register()` is deprecated. Use `module.registerHooks()` instead.
(Use `node --trace-deprecation ...` to show where the warning was created)
{
  tokenIn: [32m'USDC'[39m,
  tokenOut: [32m'USDT'[39m,
  amountIn: [32m'100'[39m,
  chain: [32m'Solana'[39m,
  fromAddress: [32m'2s3EbN8jEtbgd5wQYVxDBDve1suh3UwH9o39aS3Aigpd'[39m,
  toAddress: [32m'2s3EbN8jEtbgd5wQYVxDBDve1suh3UwH9o39aS3Aigpd'[39m,
  stopLimit: { amount: [32m'100.07957'[39m, token: [32m'USDT'[39m },
  estimatedOutput: { amount: [32m'100.07957'[39m, token: [32m'USDT'[39m },
  fees: [
    { token: [32m'USDC'[39m, amount: [32m'0.02'[39m, type: [32m'provider'[39m },
    { token: [32m'SOL'[39m, amount: [32m'0.00000651'[39m, type: [32m'gas'[39m }
  ]
}

--- estimateSwap 10000 USDC -> USDT (sweep 1) ---
{
  tokenIn: [32m'USDC'[39m,
  tokenOut: [32m'USDT'[39m,
  amountIn: [32m'10000'[39m,
  chain: [32m'Solana'[39m,
  fromAddress: [32m'2s3EbN8jEtbgd5wQYVxDBDve1suh3UwH9o39aS3Aigpd'[39m,
  toAddress: [32m'2s3EbN8jEtbgd5wQYVxDBDve1suh3UwH9o39aS3Aigpd'[39m,
  stopLimit: { amount: [32m'10007.843677'[39m, token: [32m'USDT'[39m },
  estimatedOutput: { amount: [32m'10007.843677'[39m, token: [32m'USDT'[39m },
  fees: [
    { token: [32m'USDC'[39m, amount: [32m'2.0'[39m, type: [32m'provider'[39m },
    { token: [32m'SOL'[39m, amount: [32m'0.00000651'[39m, type: [32m'gas'[39m }
  ]
}

--- estimateSwap 50000 USDC -> USDT (sweep 1) ---
{
  tokenIn: [32m'USDC'[39m,
  tokenOut: [32m'USDT'[39m,
  amountIn: [32m'50000'[39m,
  chain: [32m'Solana'[39m,
  fromAddress: [32m'2s3EbN8jEtbgd5wQYVxDBDve1suh3UwH9o39aS3Aigpd'[39m,
  toAddress: [32m'2s3EbN8jEtbgd5wQYVxDBDve1suh3UwH9o39aS3Aigpd'[39m,
  stopLimit: { amount: [32m'50038.011217'[39m, token: [32m'USDT'[39m },
  estimatedOutput: { amount: [32m'50038.011217'[39m, token: [32m'USDT'[39m },
  fees: [
    { token: [32m'USDC'[39m, amount: [32m'10.0'[39m, type: [32m'provider'[39m },
    { token: [32m'SOL'[39m, amount: [32m'0.00000651'[39m, type: [32m'gas'[39m }
  ]
}

--- estimateSwap 100000 USDC -> USDT (sweep 1) ---
{
  tokenIn: [32m'USDC'[39m,
  tokenOut: [32m'USDT'[39m,
  amountIn: [32m'100000'[39m,
  chain: [32m'Solana'[39m,
  fromAddress: [32m'2s3EbN8jEtbgd5wQYVxDBDve1suh3UwH9o39aS3Aigpd'[39m,
  toAddress: [32m'2s3EbN8jEtbgd5wQYVxDBDve1suh3UwH9o39aS3Aigpd'[39m,
  stopLimit: { amount: [32m'100075.85054'[39m, token: [32m'USDT'[39m },
  estimatedOutput: { amount: [32m'100075.85054'[39m, token: [32m'USDT'[39m },
  fees: [
    { token: [32m'USDC'[39m, amount: [32m'20.0'[39m, type: [32m'provider'[39m },
    { token: [32m'SOL'[39m, amount: [32m'0.00000651'[39m, type: [32m'gas'[39m }
  ]
}

--- estimateSwap 200000 USDC -> USDT (sweep 1) ---
{
  tokenIn: [32m'USDC'[39m,
  tokenOut: [32m'USDT'[39m,
  amountIn: [32m'200000'[39m,
  chain: [32m'Solana'[39m,
  fromAddress: [32m'2s3EbN8jEtbgd5wQYVxDBDve1suh3UwH9o39aS3Aigpd'[39m,
  toAddress: [32m'2s3EbN8jEtbgd5wQYVxDBDve1suh3UwH9o39aS3Aigpd'[39m,
  stopLimit: { amount: [32m'200150.079673'[39m, token: [32m'USDT'[39m },
  estimatedOutput: { amount: [32m'200150.079673'[39m, token: [32m'USDT'[39m },
  fees: [
    { token: [32m'USDC'[39m, amount: [32m'40.0'[39m, type: [32m'provider'[39m },
    { token: [32m'USDC'[39m, amount: [32m'0.0'[39m, type: [32m'swap'[39m },
    { token: [32m'SOL'[39m, amount: [32m'0.00000651'[39m, type: [32m'gas'[39m }
  ]
}

--- estimateSwap 300000 USDC -> USDT (sweep 1) ---
{
  tokenIn: [32m'USDC'[39m,
  tokenOut: [32m'USDT'[39m,
  amountIn: [32m'300000'[39m,
  chain: [32m'Solana'[39m,
  fromAddress: [32m'2s3EbN8jEtbgd5wQYVxDBDve1suh3UwH9o39aS3Aigpd'[39m,
  toAddress: [32m'2s3EbN8jEtbgd5wQYVxDBDve1suh3UwH9o39aS3Aigpd'[39m,
  stopLimit: { amount: [32m'300223.664796'[39m, token: [32m'USDT'[39m },
  estimatedOutput: { amount: [32m'300223.664796'[39m, token: [32m'USDT'[39m },
  fees: [
    { token: [32m'USDC'[39m, amount: [32m'60.0'[39m, type: [32m'provider'[39m },
    { token: [32m'USDC'[39m, amount: [32m'0.0'[39m, type: [32m'swap'[39m },
    { token: [32m'SOL'[39m, amount: [32m'0.00000651'[39m, type: [32m'gas'[39m }
  ]
}

--- estimateSwap 400000 USDC -> USDT (sweep 1) ---
{
  tokenIn: [32m'USDC'[39m,
  tokenOut: [32m'USDT'[39m,
  amountIn: [32m'400000'[39m,
  chain: [32m'Solana'[39m,
  fromAddress: [32m'2s3EbN8jEtbgd5wQYVxDBDve1suh3UwH9o39aS3Aigpd'[39m,
  toAddress: [32m'2s3EbN8jEtbgd5wQYVxDBDve1suh3UwH9o39aS3Aigpd'[39m,
  stopLimit: { amount: [32m'400296.648852'[39m, token: [32m'USDT'[39m },
  estimatedOutput: { amount: [32m'400296.648852'[39m, token: [32m'USDT'[39m },
  fees: [
    { token: [32m'USDC'[39m, amount: [32m'80.0'[39m, type: [32m'provider'[39m },
    { token: [32m'SOL'[39m, amount: [32m'0.00000651'[39m, type: [32m'gas'[39m }
  ]
}

--- estimateSwap 500000 USDC -> USDT (sweep 1) ---
{
  tokenIn: [32m'USDC'[39m,
  tokenOut: [32m'USDT'[39m,
  amountIn: [32m'500000'[39m,
  chain: [32m'Solana'[39m,
  fromAddress: [32m'2s3EbN8jEtbgd5wQYVxDBDve1suh3UwH9o39aS3Aigpd'[39m,
  toAddress: [32m'2s3EbN8jEtbgd5wQYVxDBDve1suh3UwH9o39aS3Aigpd'[39m,
  stopLimit: { amount: [32m'500369.266736'[39m, token: [32m'USDT'[39m },
  estimatedOutput: { amount: [32m'500369.266736'[39m, token: [32m'USDT'[39m },
  fees: [
    { token: [32m'USDC'[39m, amount: [32m'100.0'[39m, type: [32m'provider'[39m },
    { token: [32m'SOL'[39m, amount: [32m'0.00000651'[39m, type: [32m'gas'[39m }
  ]
}

--- estimateSwap 1000000 USDC -> USDT (sweep 1) ---
{
  tokenIn: [32m'USDC'[39m,
  tokenOut: [32m'USDT'[39m,
  amountIn: [32m'1000000'[39m,
  chain: [32m'Solana'[39m,
  fromAddress: [32m'2s3EbN8jEtbgd5wQYVxDBDve1suh3UwH9o39aS3Aigpd'[39m,
  toAddress: [32m'2s3EbN8jEtbgd5wQYVxDBDve1suh3UwH9o39aS3Aigpd'[39m,
  stopLimit: { amount: [32m'1000718.588989'[39m, token: [32m'USDT'[39m },
  estimatedOutput: { amount: [32m'1000718.588989'[39m, token: [32m'USDT'[39m },
  fees: [
    { token: [32m'USDC'[39m, amount: [32m'200.0'[39m, type: [32m'provider'[39m },
    { token: [32m'SOL'[39m, amount: [32m'0.00000651'[39m, type: [32m'gas'[39m }
  ]
}

##################### SWEEP 2/3 on Solana #####################

--- estimateSwap 100 USDC -> USDT (sweep 2) ---
{
  tokenIn: [32m'USDC'[39m,
  tokenOut: [32m'USDT'[39m,
  amountIn: [32m'100'[39m,
  chain: [32m'Solana'[39m,
  fromAddress: [32m'2s3EbN8jEtbgd5wQYVxDBDve1suh3UwH9o39aS3Aigpd'[39m,
  toAddress: [32m'2s3EbN8jEtbgd5wQYVxDBDve1suh3UwH9o39aS3Aigpd'[39m,
  stopLimit: { amount: [32m'100.07957'[39m, token: [32m'USDT'[39m },
  estimatedOutput: { amount: [32m'100.07957'[39m, token: [32m'USDT'[39m },
  fees: [
    { token: [32m'USDC'[39m, amount: [32m'0.02'[39m, type: [32m'provider'[39m },
    { token: [32m'SOL'[39m, amount: [32m'0.00000651'[39m, type: [32m'gas'[39m }
  ]
}

--- estimateSwap 10000 USDC -> USDT (sweep 2) ---
{
  tokenIn: [32m'USDC'[39m,
  tokenOut: [32m'USDT'[39m,
  amountIn: [32m'10000'[39m,
  chain: [32m'Solana'[39m,
  fromAddress: [32m'2s3EbN8jEtbgd5wQYVxDBDve1suh3UwH9o39aS3Aigpd'[39m,
  toAddress: [32m'2s3EbN8jEtbgd5wQYVxDBDve1suh3UwH9o39aS3Aigpd'[39m,
  stopLimit: { amount: [32m'10007.646412'[39m, token: [32m'USDT'[39m },
  estimatedOutput: { amount: [32m'10007.646412'[39m, token: [32m'USDT'[39m },
  fees: [
    { token: [32m'USDC'[39m, amount: [32m'2.0'[39m, type: [32m'provider'[39m },
    { token: [32m'SOL'[39m, amount: [32m'0.00000651'[39m, type: [32m'gas'[39m }
  ]
}

--- estimateSwap 50000 USDC -> USDT (sweep 2) ---
{
  tokenIn: [32m'USDC'[39m,
  tokenOut: [32m'USDT'[39m,
  amountIn: [32m'50000'[39m,
  chain: [32m'Solana'[39m,
  fromAddress: [32m'2s3EbN8jEtbgd5wQYVxDBDve1suh3UwH9o39aS3Aigpd'[39m,
  toAddress: [32m'2s3EbN8jEtbgd5wQYVxDBDve1suh3UwH9o39aS3Aigpd'[39m,
  stopLimit: { amount: [32m'50037.959704'[39m, token: [32m'USDT'[39m },
  estimatedOutput: { amount: [32m'50037.959704'[39m, token: [32m'USDT'[39m },
  fees: [
    { token: [32m'USDC'[39m, amount: [32m'10.0'[39m, type: [32m'provider'[39m },
    { token: [32m'SOL'[39m, amount: [32m'0.00000651'[39m, type: [32m'gas'[39m }
  ]
}

--- estimateSwap 100000 USDC -> USDT (sweep 2) ---
{
  tokenIn: [32m'USDC'[39m,
  tokenOut: [32m'USDT'[39m,
  amountIn: [32m'100000'[39m,
  chain: [32m'Solana'[39m,
  fromAddress: [32m'2s3EbN8jEtbgd5wQYVxDBDve1suh3UwH9o39aS3Aigpd'[39m,
  toAddress: [32m'2s3EbN8jEtbgd5wQYVxDBDve1suh3UwH9o39aS3Aigpd'[39m,
  stopLimit: { amount: [32m'100075.769888'[39m, token: [32m'USDT'[39m },
  estimatedOutput: { amount: [32m'100075.769888'[39m, token: [32m'USDT'[39m },
  fees: [
    { token: [32m'USDC'[39m, amount: [32m'20.0'[39m, type: [32m'provider'[39m },
    { token: [32m'SOL'[39m, amount: [32m'0.00000651'[39m, type: [32m'gas'[39m }
  ]
}

--- estimateSwap 200000 USDC -> USDT (sweep 2) ---
{
  tokenIn: [32m'USDC'[39m,
  tokenOut: [32m'USDT'[39m,
  amountIn: [32m'200000'[39m,
  chain: [32m'Solana'[39m,
  fromAddress: [32m'2s3EbN8jEtbgd5wQYVxDBDve1suh3UwH9o39aS3Aigpd'[39m,
  toAddress: [32m'2s3EbN8jEtbgd5wQYVxDBDve1suh3UwH9o39aS3Aigpd'[39m,
  stopLimit: { amount: [32m'200150.07907'[39m, token: [32m'USDT'[39m },
  estimatedOutput: { amount: [32m'200150.07907'[39m, token: [32m'USDT'[39m },
  fees: [
    { token: [32m'USDC'[39m, amount: [32m'40.0'[39m, type: [32m'provider'[39m },
    { token: [32m'USDC'[39m, amount: [32m'0.0'[39m, type: [32m'swap'[39m },
    { token: [32m'SOL'[39m, amount: [32m'0.00000651'[39m, type: [32m'gas'[39m }
  ]
}

--- estimateSwap 300000 USDC -> USDT (sweep 2) ---
{
  tokenIn: [32m'USDC'[39m,
  tokenOut: [32m'USDT'[39m,
  amountIn: [32m'300000'[39m,
  chain: [32m'Solana'[39m,
  fromAddress: [32m'2s3EbN8jEtbgd5wQYVxDBDve1suh3UwH9o39aS3Aigpd'[39m,
  toAddress: [32m'2s3EbN8jEtbgd5wQYVxDBDve1suh3UwH9o39aS3Aigpd'[39m,
  stopLimit: { amount: [32m'300223.664796'[39m, token: [32m'USDT'[39m },
  estimatedOutput: { amount: [32m'300223.664796'[39m, token: [32m'USDT'[39m },
  fees: [
    { token: [32m'USDC'[39m, amount: [32m'60.0'[39m, type: [32m'provider'[39m },
    { token: [32m'USDC'[39m, amount: [32m'0.0'[39m, type: [32m'swap'[39m },
    { token: [32m'SOL'[39m, amount: [32m'0.00000651'[39m, type: [32m'gas'[39m }
  ]
}

--- estimateSwap 400000 USDC -> USDT (sweep 2) ---
{
  tokenIn: [32m'USDC'[39m,
  tokenOut: [32m'USDT'[39m,
  amountIn: [32m'400000'[39m,
  chain: [32m'Solana'[39m,
  fromAddress: [32m'2s3EbN8jEtbgd5wQYVxDBDve1suh3UwH9o39aS3Aigpd'[39m,
  toAddress: [32m'2s3EbN8jEtbgd5wQYVxDBDve1suh3UwH9o39aS3Aigpd'[39m,
  stopLimit: { amount: [32m'400294.175832'[39m, token: [32m'USDT'[39m },
  estimatedOutput: { amount: [32m'400294.175832'[39m, token: [32m'USDT'[39m },
  fees: [
    { token: [32m'USDC'[39m, amount: [32m'80.0'[39m, type: [32m'provider'[39m },
    { token: [32m'SOL'[39m, amount: [32m'0.00000651'[39m, type: [32m'gas'[39m }
  ]
}

--- estimateSwap 500000 USDC -> USDT (sweep 2) ---
{
  tokenIn: [32m'USDC'[39m,
  tokenOut: [32m'USDT'[39m,
  amountIn: [32m'500000'[39m,
  chain: [32m'Solana'[39m,
  fromAddress: [32m'2s3EbN8jEtbgd5wQYVxDBDve1suh3UwH9o39aS3Aigpd'[39m,
  toAddress: [32m'2s3EbN8jEtbgd5wQYVxDBDve1suh3UwH9o39aS3Aigpd'[39m,
  stopLimit: { amount: [32m'500365.237771'[39m, token: [32m'USDT'[39m },
  estimatedOutput: { amount: [32m'500365.237771'[39m, token: [32m'USDT'[39m },
  fees: [
    { token: [32m'USDC'[39m, amount: [32m'100.0'[39m, type: [32m'provider'[39m },
    { token: [32m'USDC'[39m, amount: [32m'0.0'[39m, type: [32m'swap'[39m },
    { token: [32m'SOL'[39m, amount: [32m'0.00000651'[39m, type: [32m'gas'[39m }
  ]
}

--- estimateSwap 1000000 USDC -> USDT (sweep 2) ---
{
  tokenIn: [32m'USDC'[39m,
  tokenOut: [32m'USDT'[39m,
  amountIn: [32m'1000000'[39m,
  chain: [32m'Solana'[39m,
  fromAddress: [32m'2s3EbN8jEtbgd5wQYVxDBDve1suh3UwH9o39aS3Aigpd'[39m,
  toAddress: [32m'2s3EbN8jEtbgd5wQYVxDBDve1suh3UwH9o39aS3Aigpd'[39m,
  stopLimit: { amount: [32m'1000721.516796'[39m, token: [32m'USDT'[39m },
  estimatedOutput: { amount: [32m'1000721.516796'[39m, token: [32m'USDT'[39m },
  fees: [
    { token: [32m'USDC'[39m, amount: [32m'200.0'[39m, type: [32m'provider'[39m },
    { token: [32m'SOL'[39m, amount: [32m'0.00000651'[39m, type: [32m'gas'[39m }
  ]
}

##################### SWEEP 3/3 on Solana #####################

--- estimateSwap 100 USDC -> USDT (sweep 3) ---
{
  tokenIn: [32m'USDC'[39m,
  tokenOut: [32m'USDT'[39m,
  amountIn: [32m'100'[39m,
  chain: [32m'Solana'[39m,
  fromAddress: [32m'2s3EbN8jEtbgd5wQYVxDBDve1suh3UwH9o39aS3Aigpd'[39m,
  toAddress: [32m'2s3EbN8jEtbgd5wQYVxDBDve1suh3UwH9o39aS3Aigpd'[39m,
  stopLimit: { amount: [32m'100.0793'[39m, token: [32m'USDT'[39m },
  estimatedOutput: { amount: [32m'100.0793'[39m, token: [32m'USDT'[39m },
  fees: [
    { token: [32m'USDC'[39m, amount: [32m'0.02'[39m, type: [32m'provider'[39m },
    { token: [32m'SOL'[39m, amount: [32m'0.00000651'[39m, type: [32m'gas'[39m }
  ]
}

--- estimateSwap 10000 USDC -> USDT (sweep 3) ---
{
  tokenIn: [32m'USDC'[39m,
  tokenOut: [32m'USDT'[39m,
  amountIn: [32m'10000'[39m,
  chain: [32m'Solana'[39m,
  fromAddress: [32m'2s3EbN8jEtbgd5wQYVxDBDve1suh3UwH9o39aS3Aigpd'[39m,
  toAddress: [32m'2s3EbN8jEtbgd5wQYVxDBDve1suh3UwH9o39aS3Aigpd'[39m,
  stopLimit: { amount: [32m'10007.843677'[39m, token: [32m'USDT'[39m },
  estimatedOutput: { amount: [32m'10007.843677'[39m, token: [32m'USDT'[39m },
  fees: [
    { token: [32m'USDC'[39m, amount: [32m'2.0'[39m, type: [32m'provider'[39m },
    { token: [32m'SOL'[39m, amount: [32m'0.00000651'[39m, type: [32m'gas'[39m }
  ]
}

--- estimateSwap 50000 USDC -> USDT (sweep 3) ---
{
  tokenIn: [32m'USDC'[39m,
  tokenOut: [32m'USDT'[39m,
  amountIn: [32m'50000'[39m,
  chain: [32m'Solana'[39m,
  fromAddress: [32m'2s3EbN8jEtbgd5wQYVxDBDve1suh3UwH9o39aS3Aigpd'[39m,
  toAddress: [32m'2s3EbN8jEtbgd5wQYVxDBDve1suh3UwH9o39aS3Aigpd'[39m,
  stopLimit: { amount: [32m'50037.691169'[39m, token: [32m'USDT'[39m },
  estimatedOutput: { amount: [32m'50037.691169'[39m, token: [32m'USDT'[39m },
  fees: [
    { token: [32m'USDC'[39m, amount: [32m'10.0'[39m, type: [32m'provider'[39m },
    { token: [32m'SOL'[39m, amount: [32m'0.00000651'[39m, type: [32m'gas'[39m }
  ]
}

--- estimateSwap 100000 USDC -> USDT (sweep 3) ---
{
  tokenIn: [32m'USDC'[39m,
  tokenOut: [32m'USDT'[39m,
  amountIn: [32m'100000'[39m,
  chain: [32m'Solana'[39m,
  fromAddress: [32m'2s3EbN8jEtbgd5wQYVxDBDve1suh3UwH9o39aS3Aigpd'[39m,
  toAddress: [32m'2s3EbN8jEtbgd5wQYVxDBDve1suh3UwH9o39aS3Aigpd'[39m,
  stopLimit: { amount: [32m'100074.707383'[39m, token: [32m'USDT'[39m },
  estimatedOutput: { amount: [32m'100074.707383'[39m, token: [32m'USDT'[39m },
  fees: [
    { token: [32m'USDC'[39m, amount: [32m'20.0'[39m, type: [32m'provider'[39m },
    { token: [32m'USDC'[39m, amount: [32m'0.0'[39m, type: [32m'swap'[39m },
    { token: [32m'SOL'[39m, amount: [32m'0.00000651'[39m, type: [32m'gas'[39m }
  ]
}

--- estimateSwap 200000 USDC -> USDT (sweep 3) ---
{
  tokenIn: [32m'USDC'[39m,
  tokenOut: [32m'USDT'[39m,
  amountIn: [32m'200000'[39m,
  chain: [32m'Solana'[39m,
  fromAddress: [32m'2s3EbN8jEtbgd5wQYVxDBDve1suh3UwH9o39aS3Aigpd'[39m,
  toAddress: [32m'2s3EbN8jEtbgd5wQYVxDBDve1suh3UwH9o39aS3Aigpd'[39m,
  stopLimit: { amount: [32m'200148.478466'[39m, token: [32m'USDT'[39m },
  estimatedOutput: { amount: [32m'200148.478466'[39m, token: [32m'USDT'[39m },
  fees: [
    { token: [32m'USDC'[39m, amount: [32m'40.0'[39m, type: [32m'provider'[39m },
    { token: [32m'SOL'[39m, amount: [32m'0.00000651'[39m, type: [32m'gas'[39m }
  ]
}

--- estimateSwap 300000 USDC -> USDT (sweep 3) ---
{
  tokenIn: [32m'USDC'[39m,
  tokenOut: [32m'USDT'[39m,
  amountIn: [32m'300000'[39m,
  chain: [32m'Solana'[39m,
  fromAddress: [32m'2s3EbN8jEtbgd5wQYVxDBDve1suh3UwH9o39aS3Aigpd'[39m,
  toAddress: [32m'2s3EbN8jEtbgd5wQYVxDBDve1suh3UwH9o39aS3Aigpd'[39m,
  stopLimit: { amount: [32m'300220.72621'[39m, token: [32m'USDT'[39m },
  estimatedOutput: { amount: [32m'300220.72621'[39m, token: [32m'USDT'[39m },
  fees: [
    { token: [32m'USDC'[39m, amount: [32m'60.0'[39m, type: [32m'provider'[39m },
    { token: [32m'USDC'[39m, amount: [32m'0.0'[39m, type: [32m'swap'[39m },
    { token: [32m'SOL'[39m, amount: [32m'0.00000651'[39m, type: [32m'gas'[39m }
  ]
}

--- estimateSwap 400000 USDC -> USDT (sweep 3) ---
{
  tokenIn: [32m'USDC'[39m,
  tokenOut: [32m'USDT'[39m,
  amountIn: [32m'400000'[39m,
  chain: [32m'Solana'[39m,
  fromAddress: [32m'2s3EbN8jEtbgd5wQYVxDBDve1suh3UwH9o39aS3Aigpd'[39m,
  toAddress: [32m'2s3EbN8jEtbgd5wQYVxDBDve1suh3UwH9o39aS3Aigpd'[39m,
  stopLimit: { amount: [32m'400296.648852'[39m, token: [32m'USDT'[39m },
  estimatedOutput: { amount: [32m'400296.648852'[39m, token: [32m'USDT'[39m },
  fees: [
    { token: [32m'USDC'[39m, amount: [32m'80.0'[39m, type: [32m'provider'[39m },
    { token: [32m'SOL'[39m, amount: [32m'0.00000651'[39m, type: [32m'gas'[39m }
  ]
}

--- estimateSwap 500000 USDC -> USDT (sweep 3) ---
{
  tokenIn: [32m'USDC'[39m,
  tokenOut: [32m'USDT'[39m,
  amountIn: [32m'500000'[39m,
  chain: [32m'Solana'[39m,
  fromAddress: [32m'2s3EbN8jEtbgd5wQYVxDBDve1suh3UwH9o39aS3Aigpd'[39m,
  toAddress: [32m'2s3EbN8jEtbgd5wQYVxDBDve1suh3UwH9o39aS3Aigpd'[39m,
  stopLimit: { amount: [32m'500369.266736'[39m, token: [32m'USDT'[39m },
  estimatedOutput: { amount: [32m'500369.266736'[39m, token: [32m'USDT'[39m },
  fees: [
    { token: [32m'USDC'[39m, amount: [32m'100.0'[39m, type: [32m'provider'[39m },
    { token: [32m'SOL'[39m, amount: [32m'0.00000651'[39m, type: [32m'gas'[39m }
  ]
}

--- estimateSwap 1000000 USDC -> USDT (sweep 3) ---
{
  tokenIn: [32m'USDC'[39m,
  tokenOut: [32m'USDT'[39m,
  amountIn: [32m'1000000'[39m,
  chain: [32m'Solana'[39m,
  fromAddress: [32m'2s3EbN8jEtbgd5wQYVxDBDve1suh3UwH9o39aS3Aigpd'[39m,
  toAddress: [32m'2s3EbN8jEtbgd5wQYVxDBDve1suh3UwH9o39aS3Aigpd'[39m,
  stopLimit: { amount: [32m'1000717.293476'[39m, token: [32m'USDT'[39m },
  estimatedOutput: { amount: [32m'1000717.293476'[39m, token: [32m'USDT'[39m },
  fees: [
    { token: [32m'USDC'[39m, amount: [32m'200.0'[39m, type: [32m'provider'[39m },
    { token: [32m'SOL'[39m, amount: [32m'0.00000651'[39m, type: [32m'gas'[39m }
  ]
}

========================= SPREAD ANALYSIS (per-sweep bips, averaged) =========================
Pair: USDC -> USDT on Solana
Sweeps: 3
Method: bips = ((sweep_$100_rate - sweep_N_rate) / sweep_$100_rate) * 10_000, computed per sweep using that sweep's own $100 quote as benchmark. Then averaged across sweeps.

  amountIn |    sweep 1 amountOut |    sweep 2 amountOut |    sweep 3 amountOut |   sweep 1 bips |   sweep 2 bips |   sweep 3 bips |   avg bips
----------------------------------------------------------------------------------------------------------------------------------------------------------------
       100 |           100.079570 |           100.079570 |           100.079300 |           0.00 |           0.00 |           0.00 |       0.00
     10000 |         10007.843677 |         10007.646412 |         10007.843677 |           0.11 |           0.31 |           0.09 |       0.17
     50000 |         50038.011217 |         50037.959704 |         50037.691169 |           0.35 |           0.36 |           0.39 |       0.37
    100000 |        100075.850540 |        100075.769888 |        100074.707383 |           0.37 |           0.38 |           0.46 |       0.40
    200000 |        200150.079673 |        200150.079070 |        200148.478466 |           0.45 |           0.45 |           0.51 |       0.47
    300000 |        300223.664796 |        300223.664796 |        300220.726210 |           0.50 |           0.50 |           0.57 |       0.52
    400000 |        400296.648852 |        400294.175832 |        400296.648852 |           0.54 |           0.60 |           0.51 |       0.55
    500000 |        500369.266736 |        500365.237771 |        500369.266736 |           0.57 |           0.65 |           0.54 |       0.59
   1000000 |       1000718.588989 |       1000721.516796 |       1000717.293476 |           0.77 |           0.74 |           0.76 |       0.76
==================================================================================================
